CRITICAL - 2025-02-20 07:30:43 --> ErrorException: Undefined variable $recent_bookings
[Method: GET, Route: dashboard]
in APPPATH\Views\pages\dashboard\dashboard_page.php on line 111.
 1 APPPATH\Views\pages\dashboard\dashboard_page.php(111): CodeIgniter\Debug\Exceptions->errorHandler(2, 'Undefined variable $recent_bookings', 'C:\\laragon\\www\\SmashCourtt\\app\\Views\\pages\\dashboard\\dashboard_page.php', 111)
 2 SYSTEMPATH\View\View.php(224): include('C:\\laragon\\www\\SmashCourtt\\app\\Views\\pages\\dashboard\\dashboard_page.php')
 3 SYSTEMPATH\View\View.php(227): CodeIgniter\View\View->CodeIgniter\View\{closure}()
 4 SYSTEMPATH\Common.php(1173): CodeIgniter\View\View->render('pages/dashboard/dashboard_page', [], true)
 5 APPPATH\Controllers\Dashboard\DashboardController.php(42): view('pages/dashboard/dashboard_page', [...])
 6 SYSTEMPATH\CodeIgniter.php(933): App\Controllers\Dashboard\DashboardController->index()
 7 SYSTEMPATH\CodeIgniter.php(507): CodeIgniter\CodeIgniter->runController(Object(App\Controllers\Dashboard\DashboardController))
 8 SYSTEMPATH\CodeIgniter.php(354): CodeIgniter\CodeIgniter->handleRequest(null, Object(Config\Cache), false)
 9 SYSTEMPATH\Boot.php(334): CodeIgniter\CodeIgniter->run()
10 SYSTEMPATH\Boot.php(67): CodeIgniter\Boot::runCodeIgniter(Object(CodeIgniter\CodeIgniter))
11 FCPATH\index.php(56): CodeIgniter\Boot::bootWeb(Object(Config\Paths))
12 SYSTEMPATH\rewrite.php(44): require_once('C:\\laragon\\www\\SmashCourtt\\public\\index.php')
ERROR - 2025-02-20 07:49:55 --> mysqli_sql_exception: Duplicate entry 'admin' for key 'users.username' in C:\laragon\www\SmashCourtt\system\Database\MySQLi\Connection.php:327
Stack trace:
#0 C:\laragon\www\SmashCourtt\system\Database\MySQLi\Connection.php(327): mysqli->query('INSERT INTO `us...', 0)
#1 C:\laragon\www\SmashCourtt\system\Database\BaseConnection.php(738): CodeIgniter\Database\MySQLi\Connection->execute('INSERT INTO `us...')
#2 C:\laragon\www\SmashCourtt\system\Database\BaseConnection.php(652): CodeIgniter\Database\BaseConnection->simpleQuery('INSERT INTO `us...')
#3 C:\laragon\www\SmashCourtt\system\Database\BaseBuilder.php(1841): CodeIgniter\Database\BaseConnection->query('INSERT INTO `us...', NULL, false)
#4 C:\laragon\www\SmashCourtt\system\Database\BaseBuilder.php(2230): CodeIgniter\Database\BaseBuilder->batchExecute('_insertBatch', 100)
#5 C:\laragon\www\SmashCourtt\app\Database\Seeds\UserSeeder.php(27): CodeIgniter\Database\BaseBuilder->insertBatch(Array)
#6 C:\laragon\www\SmashCourtt\system\Database\Seeder.php(147): App\Database\Seeds\UserSeeder->run()
#7 C:\laragon\www\SmashCourtt\system\Commands\Database\Seed.php(79): CodeIgniter\Database\Seeder->call('App\\Database\\Se...')
#8 C:\laragon\www\SmashCourtt\system\CLI\Commands.php(70): CodeIgniter\Commands\Database\Seed->run(Array)
#9 C:\laragon\www\SmashCourtt\system\CLI\Console.php(48): CodeIgniter\CLI\Commands->run('db:seed', Array)
#10 C:\laragon\www\SmashCourtt\system\Boot.php(360): CodeIgniter\CLI\Console->run()
#11 C:\laragon\www\SmashCourtt\system\Boot.php(104): CodeIgniter\Boot::runCommand(Object(CodeIgniter\CLI\Console))
#12 C:\laragon\www\SmashCourtt\spark(84): CodeIgniter\Boot::bootSpark(Object(Config\Paths))
#13 {main}
