CRITICAL - 2025-02-22 00:07:30 --> ErrorException: Undefined variable $username
[Method: GET, Route: field-list]
in APPPATH\Views\layouts\global\top_header.php on line 63.
 1 APPPATH\Views\layouts\global\top_header.php(63): CodeIgniter\Debug\Exceptions->errorHandler(2, 'Undefined variable $username', 'C:\\laragon\\www\\SmashCourtt\\app\\Views\\layouts\\global\\top_header.php', 63)
 2 SYSTEMPATH\View\View.php(224): include('C:\\laragon\\www\\SmashCourtt\\app\\Views\\layouts\\global\\top_header.php')
 3 SYSTEMPATH\View\View.php(227): CodeIgniter\View\View->CodeIgniter\View\{closure}()
 4 SYSTEMPATH\View\View.php(475): CodeIgniter\View\View->render('layouts/global/top_header', null, true)
 5 APPPATH\Views\pages\fieldlist\field_list_page.php(6): CodeIgniter\View\View->include('layouts/global/top_header')
 6 SYSTEMPATH\View\View.php(224): include('C:\\laragon\\www\\SmashCourtt\\app\\Views\\pages\\fieldlist\\field_list_page.php')
 7 SYSTEMPATH\View\View.php(227): CodeIgniter\View\View->CodeIgniter\View\{closure}()
 8 SYSTEMPATH\Common.php(1173): CodeIgniter\View\View->render('pages/fieldlist/field_list_page', [], true)
 9 APPPATH\Controllers\FieldList\FieldListController.php(32): view('pages/fieldlist/field_list_page', [...])
10 SYSTEMPATH\CodeIgniter.php(933): App\Controllers\FieldList\FieldListController->index()
11 SYSTEMPATH\CodeIgniter.php(507): CodeIgniter\CodeIgniter->runController(Object(App\Controllers\FieldList\FieldListController))
12 SYSTEMPATH\CodeIgniter.php(354): CodeIgniter\CodeIgniter->handleRequest(null, Object(Config\Cache), false)
13 SYSTEMPATH\Boot.php(334): CodeIgniter\CodeIgniter->run()
14 SYSTEMPATH\Boot.php(67): CodeIgniter\Boot::runCodeIgniter(Object(CodeIgniter\CodeIgniter))
15 FCPATH\index.php(56): CodeIgniter\Boot::bootWeb(Object(Config\Paths))
16 SYSTEMPATH\rewrite.php(44): require_once('C:\\laragon\\www\\SmashCourtt\\public\\index.php')
CRITICAL - 2025-02-22 00:07:35 --> ErrorException: Undefined variable $username
[Method: GET, Route: field-booking]
in APPPATH\Views\layouts\global\top_header.php on line 63.
 1 APPPATH\Views\layouts\global\top_header.php(63): CodeIgniter\Debug\Exceptions->errorHandler(2, 'Undefined variable $username', 'C:\\laragon\\www\\SmashCourtt\\app\\Views\\layouts\\global\\top_header.php', 63)
 2 SYSTEMPATH\View\View.php(224): include('C:\\laragon\\www\\SmashCourtt\\app\\Views\\layouts\\global\\top_header.php')
 3 SYSTEMPATH\View\View.php(227): CodeIgniter\View\View->CodeIgniter\View\{closure}()
 4 SYSTEMPATH\View\View.php(475): CodeIgniter\View\View->render('layouts/global/top_header', null, true)
 5 APPPATH\Views\pages\fieldbooking\field_booking_page.php(5): CodeIgniter\View\View->include('layouts/global/top_header')
 6 SYSTEMPATH\View\View.php(224): include('C:\\laragon\\www\\SmashCourtt\\app\\Views\\pages\\fieldbooking\\field_booking_page.php')
 7 SYSTEMPATH\View\View.php(227): CodeIgniter\View\View->CodeIgniter\View\{closure}()
 8 SYSTEMPATH\Common.php(1173): CodeIgniter\View\View->render('pages/fieldbooking/field_booking_page', [], true)
 9 APPPATH\Controllers\FieldBooking\FieldBookingController.php(37): view('pages/fieldbooking/field_booking_page', [...])
10 SYSTEMPATH\CodeIgniter.php(933): App\Controllers\FieldBooking\FieldBookingController->index()
11 SYSTEMPATH\CodeIgniter.php(507): CodeIgniter\CodeIgniter->runController(Object(App\Controllers\FieldBooking\FieldBookingController))
12 SYSTEMPATH\CodeIgniter.php(354): CodeIgniter\CodeIgniter->handleRequest(null, Object(Config\Cache), false)
13 SYSTEMPATH\Boot.php(334): CodeIgniter\CodeIgniter->run()
14 SYSTEMPATH\Boot.php(67): CodeIgniter\Boot::runCodeIgniter(Object(CodeIgniter\CodeIgniter))
15 FCPATH\index.php(56): CodeIgniter\Boot::bootWeb(Object(Config\Paths))
16 SYSTEMPATH\rewrite.php(44): require_once('C:\\laragon\\www\\SmashCourtt\\public\\index.php')
CRITICAL - 2025-02-22 00:08:08 --> ErrorException: Undefined variable $username
[Method: GET, Route: field-list]
in APPPATH\Views\layouts\global\top_header.php on line 63.
 1 APPPATH\Views\layouts\global\top_header.php(63): CodeIgniter\Debug\Exceptions->errorHandler(2, 'Undefined variable $username', 'C:\\laragon\\www\\SmashCourtt\\app\\Views\\layouts\\global\\top_header.php', 63)
 2 SYSTEMPATH\View\View.php(224): include('C:\\laragon\\www\\SmashCourtt\\app\\Views\\layouts\\global\\top_header.php')
 3 SYSTEMPATH\View\View.php(227): CodeIgniter\View\View->CodeIgniter\View\{closure}()
 4 SYSTEMPATH\View\View.php(475): CodeIgniter\View\View->render('layouts/global/top_header', null, true)
 5 APPPATH\Views\pages\fieldlist\field_list_page.php(6): CodeIgniter\View\View->include('layouts/global/top_header')
 6 SYSTEMPATH\View\View.php(224): include('C:\\laragon\\www\\SmashCourtt\\app\\Views\\pages\\fieldlist\\field_list_page.php')
 7 SYSTEMPATH\View\View.php(227): CodeIgniter\View\View->CodeIgniter\View\{closure}()
 8 SYSTEMPATH\Common.php(1173): CodeIgniter\View\View->render('pages/fieldlist/field_list_page', [], true)
 9 APPPATH\Controllers\FieldList\FieldListController.php(32): view('pages/fieldlist/field_list_page', [...])
10 SYSTEMPATH\CodeIgniter.php(933): App\Controllers\FieldList\FieldListController->index()
11 SYSTEMPATH\CodeIgniter.php(507): CodeIgniter\CodeIgniter->runController(Object(App\Controllers\FieldList\FieldListController))
12 SYSTEMPATH\CodeIgniter.php(354): CodeIgniter\CodeIgniter->handleRequest(null, Object(Config\Cache), false)
13 SYSTEMPATH\Boot.php(334): CodeIgniter\CodeIgniter->run()
14 SYSTEMPATH\Boot.php(67): CodeIgniter\Boot::runCodeIgniter(Object(CodeIgniter\CodeIgniter))
15 FCPATH\index.php(56): CodeIgniter\Boot::bootWeb(Object(Config\Paths))
16 SYSTEMPATH\rewrite.php(44): require_once('C:\\laragon\\www\\SmashCourtt\\public\\index.php')
CRITICAL - 2025-02-22 00:09:55 --> ErrorException: Undefined variable $username
[Method: GET, Route: field-list]
in APPPATH\Views\layouts\global\top_header.php on line 63.
 1 APPPATH\Views\layouts\global\top_header.php(63): CodeIgniter\Debug\Exceptions->errorHandler(2, 'Undefined variable $username', 'C:\\laragon\\www\\SmashCourtt\\app\\Views\\layouts\\global\\top_header.php', 63)
 2 SYSTEMPATH\View\View.php(224): include('C:\\laragon\\www\\SmashCourtt\\app\\Views\\layouts\\global\\top_header.php')
 3 SYSTEMPATH\View\View.php(227): CodeIgniter\View\View->CodeIgniter\View\{closure}()
 4 SYSTEMPATH\View\View.php(475): CodeIgniter\View\View->render('layouts/global/top_header', null, true)
 5 APPPATH\Views\pages\fieldlist\field_list_page.php(6): CodeIgniter\View\View->include('layouts/global/top_header')
 6 SYSTEMPATH\View\View.php(224): include('C:\\laragon\\www\\SmashCourtt\\app\\Views\\pages\\fieldlist\\field_list_page.php')
 7 SYSTEMPATH\View\View.php(227): CodeIgniter\View\View->CodeIgniter\View\{closure}()
 8 SYSTEMPATH\Common.php(1173): CodeIgniter\View\View->render('pages/fieldlist/field_list_page', [], true)
 9 APPPATH\Controllers\FieldList\FieldListController.php(35): view('pages/fieldlist/field_list_page', [...])
10 SYSTEMPATH\CodeIgniter.php(933): App\Controllers\FieldList\FieldListController->index()
11 SYSTEMPATH\CodeIgniter.php(507): CodeIgniter\CodeIgniter->runController(Object(App\Controllers\FieldList\FieldListController))
12 SYSTEMPATH\CodeIgniter.php(354): CodeIgniter\CodeIgniter->handleRequest(null, Object(Config\Cache), false)
13 SYSTEMPATH\Boot.php(334): CodeIgniter\CodeIgniter->run()
14 SYSTEMPATH\Boot.php(67): CodeIgniter\Boot::runCodeIgniter(Object(CodeIgniter\CodeIgniter))
15 FCPATH\index.php(56): CodeIgniter\Boot::bootWeb(Object(Config\Paths))
16 SYSTEMPATH\rewrite.php(44): require_once('C:\\laragon\\www\\SmashCourtt\\public\\index.php')
CRITICAL - 2025-02-22 00:10:03 --> ErrorException: Undefined variable $username
[Method: GET, Route: field-list]
in APPPATH\Views\layouts\global\top_header.php on line 63.
 1 APPPATH\Views\layouts\global\top_header.php(63): CodeIgniter\Debug\Exceptions->errorHandler(2, 'Undefined variable $username', 'C:\\laragon\\www\\SmashCourtt\\app\\Views\\layouts\\global\\top_header.php', 63)
 2 SYSTEMPATH\View\View.php(224): include('C:\\laragon\\www\\SmashCourtt\\app\\Views\\layouts\\global\\top_header.php')
 3 SYSTEMPATH\View\View.php(227): CodeIgniter\View\View->CodeIgniter\View\{closure}()
 4 SYSTEMPATH\View\View.php(475): CodeIgniter\View\View->render('layouts/global/top_header', null, true)
 5 APPPATH\Views\pages\fieldlist\field_list_page.php(6): CodeIgniter\View\View->include('layouts/global/top_header')
 6 SYSTEMPATH\View\View.php(224): include('C:\\laragon\\www\\SmashCourtt\\app\\Views\\pages\\fieldlist\\field_list_page.php')
 7 SYSTEMPATH\View\View.php(227): CodeIgniter\View\View->CodeIgniter\View\{closure}()
 8 SYSTEMPATH\Common.php(1173): CodeIgniter\View\View->render('pages/fieldlist/field_list_page', [], true)
 9 APPPATH\Controllers\FieldList\FieldListController.php(35): view('pages/fieldlist/field_list_page', [...])
10 SYSTEMPATH\CodeIgniter.php(933): App\Controllers\FieldList\FieldListController->index()
11 SYSTEMPATH\CodeIgniter.php(507): CodeIgniter\CodeIgniter->runController(Object(App\Controllers\FieldList\FieldListController))
12 SYSTEMPATH\CodeIgniter.php(354): CodeIgniter\CodeIgniter->handleRequest(null, Object(Config\Cache), false)
13 SYSTEMPATH\Boot.php(334): CodeIgniter\CodeIgniter->run()
14 SYSTEMPATH\Boot.php(67): CodeIgniter\Boot::runCodeIgniter(Object(CodeIgniter\CodeIgniter))
15 FCPATH\index.php(56): CodeIgniter\Boot::bootWeb(Object(Config\Paths))
16 SYSTEMPATH\rewrite.php(44): require_once('C:\\laragon\\www\\SmashCourtt\\public\\index.php')
CRITICAL - 2025-02-22 00:10:59 --> ErrorException: Undefined variable $username
[Method: GET, Route: field-list]
in APPPATH\Views\layouts\global\top_header.php on line 63.
 1 APPPATH\Views\layouts\global\top_header.php(63): CodeIgniter\Debug\Exceptions->errorHandler(2, 'Undefined variable $username', 'C:\\laragon\\www\\SmashCourtt\\app\\Views\\layouts\\global\\top_header.php', 63)
 2 SYSTEMPATH\View\View.php(224): include('C:\\laragon\\www\\SmashCourtt\\app\\Views\\layouts\\global\\top_header.php')
 3 SYSTEMPATH\View\View.php(227): CodeIgniter\View\View->CodeIgniter\View\{closure}()
 4 SYSTEMPATH\View\View.php(475): CodeIgniter\View\View->render('layouts/global/top_header', null, true)
 5 APPPATH\Views\pages\fieldlist\field_list_page.php(6): CodeIgniter\View\View->include('layouts/global/top_header')
 6 SYSTEMPATH\View\View.php(224): include('C:\\laragon\\www\\SmashCourtt\\app\\Views\\pages\\fieldlist\\field_list_page.php')
 7 SYSTEMPATH\View\View.php(227): CodeIgniter\View\View->CodeIgniter\View\{closure}()
 8 SYSTEMPATH\Common.php(1173): CodeIgniter\View\View->render('pages/fieldlist/field_list_page', [], true)
 9 APPPATH\Controllers\FieldList\FieldListController.php(35): view('pages/fieldlist/field_list_page', [...])
10 SYSTEMPATH\CodeIgniter.php(933): App\Controllers\FieldList\FieldListController->index()
11 SYSTEMPATH\CodeIgniter.php(507): CodeIgniter\CodeIgniter->runController(Object(App\Controllers\FieldList\FieldListController))
12 SYSTEMPATH\CodeIgniter.php(354): CodeIgniter\CodeIgniter->handleRequest(null, Object(Config\Cache), false)
13 SYSTEMPATH\Boot.php(334): CodeIgniter\CodeIgniter->run()
14 SYSTEMPATH\Boot.php(67): CodeIgniter\Boot::runCodeIgniter(Object(CodeIgniter\CodeIgniter))
15 FCPATH\index.php(56): CodeIgniter\Boot::bootWeb(Object(Config\Paths))
16 SYSTEMPATH\rewrite.php(44): require_once('C:\\laragon\\www\\SmashCourtt\\public\\index.php')
CRITICAL - 2025-02-22 00:11:58 --> ErrorException: Undefined variable $username
[Method: GET, Route: field-list]
in APPPATH\Views\layouts\global\top_header.php on line 63.
 1 APPPATH\Views\layouts\global\top_header.php(63): CodeIgniter\Debug\Exceptions->errorHandler(2, 'Undefined variable $username', 'C:\\laragon\\www\\SmashCourtt\\app\\Views\\layouts\\global\\top_header.php', 63)
 2 SYSTEMPATH\View\View.php(224): include('C:\\laragon\\www\\SmashCourtt\\app\\Views\\layouts\\global\\top_header.php')
 3 SYSTEMPATH\View\View.php(227): CodeIgniter\View\View->CodeIgniter\View\{closure}()
 4 SYSTEMPATH\View\View.php(475): CodeIgniter\View\View->render('layouts/global/top_header', null, true)
 5 APPPATH\Views\pages\fieldlist\field_list_page.php(6): CodeIgniter\View\View->include('layouts/global/top_header')
 6 SYSTEMPATH\View\View.php(224): include('C:\\laragon\\www\\SmashCourtt\\app\\Views\\pages\\fieldlist\\field_list_page.php')
 7 SYSTEMPATH\View\View.php(227): CodeIgniter\View\View->CodeIgniter\View\{closure}()
 8 SYSTEMPATH\Common.php(1173): CodeIgniter\View\View->render('pages/fieldlist/field_list_page', [], true)
 9 APPPATH\Controllers\FieldList\FieldListController.php(35): view('pages/fieldlist/field_list_page', [...])
10 SYSTEMPATH\CodeIgniter.php(933): App\Controllers\FieldList\FieldListController->index()
11 SYSTEMPATH\CodeIgniter.php(507): CodeIgniter\CodeIgniter->runController(Object(App\Controllers\FieldList\FieldListController))
12 SYSTEMPATH\CodeIgniter.php(354): CodeIgniter\CodeIgniter->handleRequest(null, Object(Config\Cache), false)
13 SYSTEMPATH\Boot.php(334): CodeIgniter\CodeIgniter->run()
14 SYSTEMPATH\Boot.php(67): CodeIgniter\Boot::runCodeIgniter(Object(CodeIgniter\CodeIgniter))
15 FCPATH\index.php(56): CodeIgniter\Boot::bootWeb(Object(Config\Paths))
16 SYSTEMPATH\rewrite.php(44): require_once('C:\\laragon\\www\\SmashCourtt\\public\\index.php')
CRITICAL - 2025-02-22 00:12:23 --> ErrorException: Undefined variable $username
[Method: GET, Route: field-list]
in APPPATH\Views\layouts\global\top_header.php on line 63.
 1 APPPATH\Views\layouts\global\top_header.php(63): CodeIgniter\Debug\Exceptions->errorHandler(2, 'Undefined variable $username', 'C:\\laragon\\www\\SmashCourtt\\app\\Views\\layouts\\global\\top_header.php', 63)
 2 SYSTEMPATH\View\View.php(224): include('C:\\laragon\\www\\SmashCourtt\\app\\Views\\layouts\\global\\top_header.php')
 3 SYSTEMPATH\View\View.php(227): CodeIgniter\View\View->CodeIgniter\View\{closure}()
 4 SYSTEMPATH\View\View.php(475): CodeIgniter\View\View->render('layouts/global/top_header', null, true)
 5 APPPATH\Views\pages\fieldlist\field_list_page.php(6): CodeIgniter\View\View->include('layouts/global/top_header')
 6 SYSTEMPATH\View\View.php(224): include('C:\\laragon\\www\\SmashCourtt\\app\\Views\\pages\\fieldlist\\field_list_page.php')
 7 SYSTEMPATH\View\View.php(227): CodeIgniter\View\View->CodeIgniter\View\{closure}()
 8 SYSTEMPATH\Common.php(1173): CodeIgniter\View\View->render('pages/fieldlist/field_list_page', [], true)
 9 APPPATH\Controllers\FieldList\FieldListController.php(35): view('pages/fieldlist/field_list_page', [...])
10 SYSTEMPATH\CodeIgniter.php(933): App\Controllers\FieldList\FieldListController->index()
11 SYSTEMPATH\CodeIgniter.php(507): CodeIgniter\CodeIgniter->runController(Object(App\Controllers\FieldList\FieldListController))
12 SYSTEMPATH\CodeIgniter.php(354): CodeIgniter\CodeIgniter->handleRequest(null, Object(Config\Cache), false)
13 SYSTEMPATH\Boot.php(334): CodeIgniter\CodeIgniter->run()
14 SYSTEMPATH\Boot.php(67): CodeIgniter\Boot::runCodeIgniter(Object(CodeIgniter\CodeIgniter))
15 FCPATH\index.php(56): CodeIgniter\Boot::bootWeb(Object(Config\Paths))
16 SYSTEMPATH\rewrite.php(44): require_once('C:\\laragon\\www\\SmashCourtt\\public\\index.php')
CRITICAL - 2025-02-22 00:14:27 --> ErrorException: Undefined variable $username
[Method: GET, Route: field-list]
in APPPATH\Views\layouts\global\top_header.php on line 63.
 1 APPPATH\Views\layouts\global\top_header.php(63): CodeIgniter\Debug\Exceptions->errorHandler(2, 'Undefined variable $username', 'C:\\laragon\\www\\SmashCourtt\\app\\Views\\layouts\\global\\top_header.php', 63)
 2 SYSTEMPATH\View\View.php(224): include('C:\\laragon\\www\\SmashCourtt\\app\\Views\\layouts\\global\\top_header.php')
 3 SYSTEMPATH\View\View.php(227): CodeIgniter\View\View->CodeIgniter\View\{closure}()
 4 SYSTEMPATH\View\View.php(475): CodeIgniter\View\View->render('layouts/global/top_header', null, true)
 5 APPPATH\Views\pages\fieldlist\field_list_page.php(6): CodeIgniter\View\View->include('layouts/global/top_header')
 6 SYSTEMPATH\View\View.php(224): include('C:\\laragon\\www\\SmashCourtt\\app\\Views\\pages\\fieldlist\\field_list_page.php')
 7 SYSTEMPATH\View\View.php(227): CodeIgniter\View\View->CodeIgniter\View\{closure}()
 8 SYSTEMPATH\Common.php(1173): CodeIgniter\View\View->render('pages/fieldlist/field_list_page', [], true)
 9 APPPATH\Controllers\FieldList\FieldListController.php(35): view('pages/fieldlist/field_list_page', [...])
10 SYSTEMPATH\CodeIgniter.php(933): App\Controllers\FieldList\FieldListController->index()
11 SYSTEMPATH\CodeIgniter.php(507): CodeIgniter\CodeIgniter->runController(Object(App\Controllers\FieldList\FieldListController))
12 SYSTEMPATH\CodeIgniter.php(354): CodeIgniter\CodeIgniter->handleRequest(null, Object(Config\Cache), false)
13 SYSTEMPATH\Boot.php(334): CodeIgniter\CodeIgniter->run()
14 SYSTEMPATH\Boot.php(67): CodeIgniter\Boot::runCodeIgniter(Object(CodeIgniter\CodeIgniter))
15 FCPATH\index.php(56): CodeIgniter\Boot::bootWeb(Object(Config\Paths))
16 SYSTEMPATH\rewrite.php(44): require_once('C:\\laragon\\www\\SmashCourtt\\public\\index.php')
CRITICAL - 2025-02-22 00:14:44 --> ErrorException: Undefined variable $username
[Method: GET, Route: field-list]
in APPPATH\Views\layouts\global\top_header.php on line 63.
 1 APPPATH\Views\layouts\global\top_header.php(63): CodeIgniter\Debug\Exceptions->errorHandler(2, 'Undefined variable $username', 'C:\\laragon\\www\\SmashCourtt\\app\\Views\\layouts\\global\\top_header.php', 63)
 2 SYSTEMPATH\View\View.php(224): include('C:\\laragon\\www\\SmashCourtt\\app\\Views\\layouts\\global\\top_header.php')
 3 SYSTEMPATH\View\View.php(227): CodeIgniter\View\View->CodeIgniter\View\{closure}()
 4 SYSTEMPATH\View\View.php(475): CodeIgniter\View\View->render('layouts/global/top_header', null, true)
 5 APPPATH\Views\pages\fieldlist\field_list_page.php(6): CodeIgniter\View\View->include('layouts/global/top_header')
 6 SYSTEMPATH\View\View.php(224): include('C:\\laragon\\www\\SmashCourtt\\app\\Views\\pages\\fieldlist\\field_list_page.php')
 7 SYSTEMPATH\View\View.php(227): CodeIgniter\View\View->CodeIgniter\View\{closure}()
 8 SYSTEMPATH\Common.php(1173): CodeIgniter\View\View->render('pages/fieldlist/field_list_page', [], true)
 9 APPPATH\Controllers\FieldList\FieldListController.php(35): view('pages/fieldlist/field_list_page', [...])
10 SYSTEMPATH\CodeIgniter.php(933): App\Controllers\FieldList\FieldListController->index()
11 SYSTEMPATH\CodeIgniter.php(507): CodeIgniter\CodeIgniter->runController(Object(App\Controllers\FieldList\FieldListController))
12 SYSTEMPATH\CodeIgniter.php(354): CodeIgniter\CodeIgniter->handleRequest(null, Object(Config\Cache), false)
13 SYSTEMPATH\Boot.php(334): CodeIgniter\CodeIgniter->run()
14 SYSTEMPATH\Boot.php(67): CodeIgniter\Boot::runCodeIgniter(Object(CodeIgniter\CodeIgniter))
15 FCPATH\index.php(56): CodeIgniter\Boot::bootWeb(Object(Config\Paths))
16 SYSTEMPATH\rewrite.php(44): require_once('C:\\laragon\\www\\SmashCourtt\\public\\index.php')
CRITICAL - 2025-02-22 00:15:03 --> ErrorException: Undefined variable $username
[Method: GET, Route: field-list]
in APPPATH\Views\layouts\global\top_header.php on line 63.
 1 APPPATH\Views\layouts\global\top_header.php(63): CodeIgniter\Debug\Exceptions->errorHandler(2, 'Undefined variable $username', 'C:\\laragon\\www\\SmashCourtt\\app\\Views\\layouts\\global\\top_header.php', 63)
 2 SYSTEMPATH\View\View.php(224): include('C:\\laragon\\www\\SmashCourtt\\app\\Views\\layouts\\global\\top_header.php')
 3 SYSTEMPATH\View\View.php(227): CodeIgniter\View\View->CodeIgniter\View\{closure}()
 4 SYSTEMPATH\View\View.php(475): CodeIgniter\View\View->render('layouts/global/top_header', null, true)
 5 APPPATH\Views\pages\fieldlist\field_list_page.php(6): CodeIgniter\View\View->include('layouts/global/top_header')
 6 SYSTEMPATH\View\View.php(224): include('C:\\laragon\\www\\SmashCourtt\\app\\Views\\pages\\fieldlist\\field_list_page.php')
 7 SYSTEMPATH\View\View.php(227): CodeIgniter\View\View->CodeIgniter\View\{closure}()
 8 SYSTEMPATH\Common.php(1173): CodeIgniter\View\View->render('pages/fieldlist/field_list_page', [], true)
 9 APPPATH\Controllers\FieldList\FieldListController.php(35): view('pages/fieldlist/field_list_page', [...])
10 SYSTEMPATH\CodeIgniter.php(933): App\Controllers\FieldList\FieldListController->index()
11 SYSTEMPATH\CodeIgniter.php(507): CodeIgniter\CodeIgniter->runController(Object(App\Controllers\FieldList\FieldListController))
12 SYSTEMPATH\CodeIgniter.php(354): CodeIgniter\CodeIgniter->handleRequest(null, Object(Config\Cache), false)
13 SYSTEMPATH\Boot.php(334): CodeIgniter\CodeIgniter->run()
14 SYSTEMPATH\Boot.php(67): CodeIgniter\Boot::runCodeIgniter(Object(CodeIgniter\CodeIgniter))
15 FCPATH\index.php(56): CodeIgniter\Boot::bootWeb(Object(Config\Paths))
16 SYSTEMPATH\rewrite.php(44): require_once('C:\\laragon\\www\\SmashCourtt\\public\\index.php')
CRITICAL - 2025-02-22 00:15:35 --> ErrorException: Undefined variable $username
[Method: GET, Route: field-list]
in APPPATH\Views\layouts\global\top_header.php on line 63.
 1 APPPATH\Views\layouts\global\top_header.php(63): CodeIgniter\Debug\Exceptions->errorHandler(2, 'Undefined variable $username', 'C:\\laragon\\www\\SmashCourtt\\app\\Views\\layouts\\global\\top_header.php', 63)
 2 SYSTEMPATH\View\View.php(224): include('C:\\laragon\\www\\SmashCourtt\\app\\Views\\layouts\\global\\top_header.php')
 3 SYSTEMPATH\View\View.php(227): CodeIgniter\View\View->CodeIgniter\View\{closure}()
 4 SYSTEMPATH\View\View.php(475): CodeIgniter\View\View->render('layouts/global/top_header', null, true)
 5 APPPATH\Views\pages\fieldlist\field_list_page.php(6): CodeIgniter\View\View->include('layouts/global/top_header')
 6 SYSTEMPATH\View\View.php(224): include('C:\\laragon\\www\\SmashCourtt\\app\\Views\\pages\\fieldlist\\field_list_page.php')
 7 SYSTEMPATH\View\View.php(227): CodeIgniter\View\View->CodeIgniter\View\{closure}()
 8 SYSTEMPATH\Common.php(1173): CodeIgniter\View\View->render('pages/fieldlist/field_list_page', [], true)
 9 APPPATH\Controllers\FieldList\FieldListController.php(35): view('pages/fieldlist/field_list_page', [...])
10 SYSTEMPATH\CodeIgniter.php(933): App\Controllers\FieldList\FieldListController->index()
11 SYSTEMPATH\CodeIgniter.php(507): CodeIgniter\CodeIgniter->runController(Object(App\Controllers\FieldList\FieldListController))
12 SYSTEMPATH\CodeIgniter.php(354): CodeIgniter\CodeIgniter->handleRequest(null, Object(Config\Cache), false)
13 SYSTEMPATH\Boot.php(334): CodeIgniter\CodeIgniter->run()
14 SYSTEMPATH\Boot.php(67): CodeIgniter\Boot::runCodeIgniter(Object(CodeIgniter\CodeIgniter))
15 FCPATH\index.php(56): CodeIgniter\Boot::bootWeb(Object(Config\Paths))
16 SYSTEMPATH\rewrite.php(44): require_once('C:\\laragon\\www\\SmashCourtt\\public\\index.php')
CRITICAL - 2025-02-22 00:15:47 --> ErrorException: Undefined variable $username
[Method: GET, Route: field-list]
in APPPATH\Views\layouts\global\top_header.php on line 63.
 1 APPPATH\Views\layouts\global\top_header.php(63): CodeIgniter\Debug\Exceptions->errorHandler(2, 'Undefined variable $username', 'C:\\laragon\\www\\SmashCourtt\\app\\Views\\layouts\\global\\top_header.php', 63)
 2 SYSTEMPATH\View\View.php(224): include('C:\\laragon\\www\\SmashCourtt\\app\\Views\\layouts\\global\\top_header.php')
 3 SYSTEMPATH\View\View.php(227): CodeIgniter\View\View->CodeIgniter\View\{closure}()
 4 SYSTEMPATH\View\View.php(475): CodeIgniter\View\View->render('layouts/global/top_header', null, true)
 5 APPPATH\Views\pages\fieldlist\field_list_page.php(6): CodeIgniter\View\View->include('layouts/global/top_header')
 6 SYSTEMPATH\View\View.php(224): include('C:\\laragon\\www\\SmashCourtt\\app\\Views\\pages\\fieldlist\\field_list_page.php')
 7 SYSTEMPATH\View\View.php(227): CodeIgniter\View\View->CodeIgniter\View\{closure}()
 8 SYSTEMPATH\Common.php(1173): CodeIgniter\View\View->render('pages/fieldlist/field_list_page', [], true)
 9 APPPATH\Controllers\FieldList\FieldListController.php(35): view('pages/fieldlist/field_list_page', [...])
10 SYSTEMPATH\CodeIgniter.php(933): App\Controllers\FieldList\FieldListController->index()
11 SYSTEMPATH\CodeIgniter.php(507): CodeIgniter\CodeIgniter->runController(Object(App\Controllers\FieldList\FieldListController))
12 SYSTEMPATH\CodeIgniter.php(354): CodeIgniter\CodeIgniter->handleRequest(null, Object(Config\Cache), false)
13 SYSTEMPATH\Boot.php(334): CodeIgniter\CodeIgniter->run()
14 SYSTEMPATH\Boot.php(67): CodeIgniter\Boot::runCodeIgniter(Object(CodeIgniter\CodeIgniter))
15 FCPATH\index.php(56): CodeIgniter\Boot::bootWeb(Object(Config\Paths))
16 SYSTEMPATH\rewrite.php(44): require_once('C:\\laragon\\www\\SmashCourtt\\public\\index.php')
CRITICAL - 2025-02-22 00:16:12 --> ErrorException: Undefined variable $username
[Method: GET, Route: field-list]
in APPPATH\Views\layouts\global\top_header.php on line 63.
 1 APPPATH\Views\layouts\global\top_header.php(63): CodeIgniter\Debug\Exceptions->errorHandler(2, 'Undefined variable $username', 'C:\\laragon\\www\\SmashCourtt\\app\\Views\\layouts\\global\\top_header.php', 63)
 2 SYSTEMPATH\View\View.php(224): include('C:\\laragon\\www\\SmashCourtt\\app\\Views\\layouts\\global\\top_header.php')
 3 SYSTEMPATH\View\View.php(227): CodeIgniter\View\View->CodeIgniter\View\{closure}()
 4 SYSTEMPATH\View\View.php(475): CodeIgniter\View\View->render('layouts/global/top_header', null, true)
 5 APPPATH\Views\pages\fieldlist\field_list_page.php(6): CodeIgniter\View\View->include('layouts/global/top_header')
 6 SYSTEMPATH\View\View.php(224): include('C:\\laragon\\www\\SmashCourtt\\app\\Views\\pages\\fieldlist\\field_list_page.php')
 7 SYSTEMPATH\View\View.php(227): CodeIgniter\View\View->CodeIgniter\View\{closure}()
 8 SYSTEMPATH\Common.php(1173): CodeIgniter\View\View->render('pages/fieldlist/field_list_page', [], true)
 9 APPPATH\Controllers\FieldList\FieldListController.php(35): view('pages/fieldlist/field_list_page', [...])
10 SYSTEMPATH\CodeIgniter.php(933): App\Controllers\FieldList\FieldListController->index()
11 SYSTEMPATH\CodeIgniter.php(507): CodeIgniter\CodeIgniter->runController(Object(App\Controllers\FieldList\FieldListController))
12 SYSTEMPATH\CodeIgniter.php(354): CodeIgniter\CodeIgniter->handleRequest(null, Object(Config\Cache), false)
13 SYSTEMPATH\Boot.php(334): CodeIgniter\CodeIgniter->run()
14 SYSTEMPATH\Boot.php(67): CodeIgniter\Boot::runCodeIgniter(Object(CodeIgniter\CodeIgniter))
15 FCPATH\index.php(56): CodeIgniter\Boot::bootWeb(Object(Config\Paths))
16 SYSTEMPATH\rewrite.php(44): require_once('C:\\laragon\\www\\SmashCourtt\\public\\index.php')
CRITICAL - 2025-02-22 00:16:32 --> ErrorException: Undefined variable $username
[Method: GET, Route: field-list]
in APPPATH\Views\layouts\global\top_header.php on line 63.
 1 APPPATH\Views\layouts\global\top_header.php(63): CodeIgniter\Debug\Exceptions->errorHandler(2, 'Undefined variable $username', 'C:\\laragon\\www\\SmashCourtt\\app\\Views\\layouts\\global\\top_header.php', 63)
 2 SYSTEMPATH\View\View.php(224): include('C:\\laragon\\www\\SmashCourtt\\app\\Views\\layouts\\global\\top_header.php')
 3 SYSTEMPATH\View\View.php(227): CodeIgniter\View\View->CodeIgniter\View\{closure}()
 4 SYSTEMPATH\View\View.php(475): CodeIgniter\View\View->render('layouts/global/top_header', null, true)
 5 APPPATH\Views\pages\fieldlist\field_list_page.php(6): CodeIgniter\View\View->include('layouts/global/top_header')
 6 SYSTEMPATH\View\View.php(224): include('C:\\laragon\\www\\SmashCourtt\\app\\Views\\pages\\fieldlist\\field_list_page.php')
 7 SYSTEMPATH\View\View.php(227): CodeIgniter\View\View->CodeIgniter\View\{closure}()
 8 SYSTEMPATH\Common.php(1173): CodeIgniter\View\View->render('pages/fieldlist/field_list_page', [], true)
 9 APPPATH\Controllers\FieldList\FieldListController.php(35): view('pages/fieldlist/field_list_page', [...])
10 SYSTEMPATH\CodeIgniter.php(933): App\Controllers\FieldList\FieldListController->index()
11 SYSTEMPATH\CodeIgniter.php(507): CodeIgniter\CodeIgniter->runController(Object(App\Controllers\FieldList\FieldListController))
12 SYSTEMPATH\CodeIgniter.php(354): CodeIgniter\CodeIgniter->handleRequest(null, Object(Config\Cache), false)
13 SYSTEMPATH\Boot.php(334): CodeIgniter\CodeIgniter->run()
14 SYSTEMPATH\Boot.php(67): CodeIgniter\Boot::runCodeIgniter(Object(CodeIgniter\CodeIgniter))
15 FCPATH\index.php(56): CodeIgniter\Boot::bootWeb(Object(Config\Paths))
16 SYSTEMPATH\rewrite.php(44): require_once('C:\\laragon\\www\\SmashCourtt\\public\\index.php')
CRITICAL - 2025-02-22 00:17:02 --> ErrorException: Undefined variable $username
[Method: GET, Route: field-list]
in APPPATH\Views\layouts\global\top_header.php on line 63.
 1 APPPATH\Views\layouts\global\top_header.php(63): CodeIgniter\Debug\Exceptions->errorHandler(2, 'Undefined variable $username', 'C:\\laragon\\www\\SmashCourtt\\app\\Views\\layouts\\global\\top_header.php', 63)
 2 SYSTEMPATH\View\View.php(224): include('C:\\laragon\\www\\SmashCourtt\\app\\Views\\layouts\\global\\top_header.php')
 3 SYSTEMPATH\View\View.php(227): CodeIgniter\View\View->CodeIgniter\View\{closure}()
 4 SYSTEMPATH\View\View.php(475): CodeIgniter\View\View->render('layouts/global/top_header', null, true)
 5 APPPATH\Views\pages\fieldlist\field_list_page.php(6): CodeIgniter\View\View->include('layouts/global/top_header')
 6 SYSTEMPATH\View\View.php(224): include('C:\\laragon\\www\\SmashCourtt\\app\\Views\\pages\\fieldlist\\field_list_page.php')
 7 SYSTEMPATH\View\View.php(227): CodeIgniter\View\View->CodeIgniter\View\{closure}()
 8 SYSTEMPATH\Common.php(1173): CodeIgniter\View\View->render('pages/fieldlist/field_list_page', [], true)
 9 APPPATH\Controllers\FieldList\FieldListController.php(35): view('pages/fieldlist/field_list_page', [...])
10 SYSTEMPATH\CodeIgniter.php(933): App\Controllers\FieldList\FieldListController->index()
11 SYSTEMPATH\CodeIgniter.php(507): CodeIgniter\CodeIgniter->runController(Object(App\Controllers\FieldList\FieldListController))
12 SYSTEMPATH\CodeIgniter.php(354): CodeIgniter\CodeIgniter->handleRequest(null, Object(Config\Cache), false)
13 SYSTEMPATH\Boot.php(334): CodeIgniter\CodeIgniter->run()
14 SYSTEMPATH\Boot.php(67): CodeIgniter\Boot::runCodeIgniter(Object(CodeIgniter\CodeIgniter))
15 FCPATH\index.php(56): CodeIgniter\Boot::bootWeb(Object(Config\Paths))
16 SYSTEMPATH\rewrite.php(44): require_once('C:\\laragon\\www\\SmashCourtt\\public\\index.php')
CRITICAL - 2025-02-22 00:19:40 --> ErrorException: Undefined variable $username
[Method: GET, Route: field-list/add-data]
in APPPATH\Views\layouts\global\top_header.php on line 63.
 1 APPPATH\Views\layouts\global\top_header.php(63): CodeIgniter\Debug\Exceptions->errorHandler(2, 'Undefined variable $username', 'C:\\laragon\\www\\SmashCourtt\\app\\Views\\layouts\\global\\top_header.php', 63)
 2 SYSTEMPATH\View\View.php(224): include('C:\\laragon\\www\\SmashCourtt\\app\\Views\\layouts\\global\\top_header.php')
 3 SYSTEMPATH\View\View.php(227): CodeIgniter\View\View->CodeIgniter\View\{closure}()
 4 SYSTEMPATH\View\View.php(475): CodeIgniter\View\View->render('layouts/global/top_header', null, true)
 5 APPPATH\Views\pages\fieldlist\add_field_list_page.php(5): CodeIgniter\View\View->include('layouts/global/top_header')
 6 SYSTEMPATH\View\View.php(224): include('C:\\laragon\\www\\SmashCourtt\\app\\Views\\pages\\fieldlist\\add_field_list_page.php')
 7 SYSTEMPATH\View\View.php(227): CodeIgniter\View\View->CodeIgniter\View\{closure}()
 8 SYSTEMPATH\Common.php(1173): CodeIgniter\View\View->render('pages/fieldlist/add_field_list_page', [], true)
 9 APPPATH\Controllers\FieldList\FieldListController.php(45): view('pages/fieldlist/add_field_list_page', [...])
10 SYSTEMPATH\CodeIgniter.php(933): App\Controllers\FieldList\FieldListController->addData()
11 SYSTEMPATH\CodeIgniter.php(507): CodeIgniter\CodeIgniter->runController(Object(App\Controllers\FieldList\FieldListController))
12 SYSTEMPATH\CodeIgniter.php(354): CodeIgniter\CodeIgniter->handleRequest(null, Object(Config\Cache), false)
13 SYSTEMPATH\Boot.php(334): CodeIgniter\CodeIgniter->run()
14 SYSTEMPATH\Boot.php(67): CodeIgniter\Boot::runCodeIgniter(Object(CodeIgniter\CodeIgniter))
15 FCPATH\index.php(56): CodeIgniter\Boot::bootWeb(Object(Config\Paths))
16 SYSTEMPATH\rewrite.php(44): require_once('C:\\laragon\\www\\SmashCourtt\\public\\index.php')
CRITICAL - 2025-02-22 00:21:51 --> ErrorException: Undefined variable $username
[Method: GET, Route: field-booking]
in APPPATH\Views\layouts\global\top_header.php on line 63.
 1 APPPATH\Views\layouts\global\top_header.php(63): CodeIgniter\Debug\Exceptions->errorHandler(2, 'Undefined variable $username', 'C:\\laragon\\www\\SmashCourtt\\app\\Views\\layouts\\global\\top_header.php', 63)
 2 SYSTEMPATH\View\View.php(224): include('C:\\laragon\\www\\SmashCourtt\\app\\Views\\layouts\\global\\top_header.php')
 3 SYSTEMPATH\View\View.php(227): CodeIgniter\View\View->CodeIgniter\View\{closure}()
 4 SYSTEMPATH\View\View.php(475): CodeIgniter\View\View->render('layouts/global/top_header', null, true)
 5 APPPATH\Views\pages\fieldbooking\field_booking_page.php(5): CodeIgniter\View\View->include('layouts/global/top_header')
 6 SYSTEMPATH\View\View.php(224): include('C:\\laragon\\www\\SmashCourtt\\app\\Views\\pages\\fieldbooking\\field_booking_page.php')
 7 SYSTEMPATH\View\View.php(227): CodeIgniter\View\View->CodeIgniter\View\{closure}()
 8 SYSTEMPATH\Common.php(1173): CodeIgniter\View\View->render('pages/fieldbooking/field_booking_page', [], true)
 9 APPPATH\Controllers\FieldBooking\FieldBookingController.php(37): view('pages/fieldbooking/field_booking_page', [...])
10 SYSTEMPATH\CodeIgniter.php(933): App\Controllers\FieldBooking\FieldBookingController->index()
11 SYSTEMPATH\CodeIgniter.php(507): CodeIgniter\CodeIgniter->runController(Object(App\Controllers\FieldBooking\FieldBookingController))
12 SYSTEMPATH\CodeIgniter.php(354): CodeIgniter\CodeIgniter->handleRequest(null, Object(Config\Cache), false)
13 SYSTEMPATH\Boot.php(334): CodeIgniter\CodeIgniter->run()
14 SYSTEMPATH\Boot.php(67): CodeIgniter\Boot::runCodeIgniter(Object(CodeIgniter\CodeIgniter))
15 FCPATH\index.php(56): CodeIgniter\Boot::bootWeb(Object(Config\Paths))
16 SYSTEMPATH\rewrite.php(44): require_once('C:\\laragon\\www\\SmashCourtt\\public\\index.php')
CRITICAL - 2025-02-22 00:22:58 --> ErrorException: Undefined variable $username
[Method: GET, Route: field-booking/form-booking/3]
in APPPATH\Views\layouts\global\top_header.php on line 63.
 1 APPPATH\Views\layouts\global\top_header.php(63): CodeIgniter\Debug\Exceptions->errorHandler(2, 'Undefined variable $username', 'C:\\laragon\\www\\SmashCourtt\\app\\Views\\layouts\\global\\top_header.php', 63)
 2 SYSTEMPATH\View\View.php(224): include('C:\\laragon\\www\\SmashCourtt\\app\\Views\\layouts\\global\\top_header.php')
 3 SYSTEMPATH\View\View.php(227): CodeIgniter\View\View->CodeIgniter\View\{closure}()
 4 SYSTEMPATH\View\View.php(475): CodeIgniter\View\View->render('layouts/global/top_header', null, true)
 5 APPPATH\Views\pages\fieldbooking\form_booking_page.php(5): CodeIgniter\View\View->include('layouts/global/top_header')
 6 SYSTEMPATH\View\View.php(224): include('C:\\laragon\\www\\SmashCourtt\\app\\Views\\pages\\fieldbooking\\form_booking_page.php')
 7 SYSTEMPATH\View\View.php(227): CodeIgniter\View\View->CodeIgniter\View\{closure}()
 8 SYSTEMPATH\Common.php(1173): CodeIgniter\View\View->render('pages/fieldbooking/form_booking_page', [], true)
 9 APPPATH\Controllers\FieldBooking\FieldBookingController.php(64): view('pages/fieldbooking/form_booking_page', [...])
10 SYSTEMPATH\CodeIgniter.php(933): App\Controllers\FieldBooking\FieldBookingController->formBooking('3')
11 SYSTEMPATH\CodeIgniter.php(507): CodeIgniter\CodeIgniter->runController(Object(App\Controllers\FieldBooking\FieldBookingController))
12 SYSTEMPATH\CodeIgniter.php(354): CodeIgniter\CodeIgniter->handleRequest(null, Object(Config\Cache), false)
13 SYSTEMPATH\Boot.php(334): CodeIgniter\CodeIgniter->run()
14 SYSTEMPATH\Boot.php(67): CodeIgniter\Boot::runCodeIgniter(Object(CodeIgniter\CodeIgniter))
15 FCPATH\index.php(56): CodeIgniter\Boot::bootWeb(Object(Config\Paths))
16 SYSTEMPATH\rewrite.php(44): require_once('C:\\laragon\\www\\SmashCourtt\\public\\index.php')
CRITICAL - 2025-02-22 00:25:49 --> ErrorException: Undefined array key "id"
[Method: GET, Route: dashboard]
in APPPATH\Views\pages\dashboard\dashboard_page.php on line 113.
 1 APPPATH\Views\pages\dashboard\dashboard_page.php(113): CodeIgniter\Debug\Exceptions->errorHandler(2, 'Undefined array key "id"', 'C:\\laragon\\www\\SmashCourtt\\app\\Views\\pages\\dashboard\\dashboard_page.php', 113)
 2 SYSTEMPATH\View\View.php(224): include('C:\\laragon\\www\\SmashCourtt\\app\\Views\\pages\\dashboard\\dashboard_page.php')
 3 SYSTEMPATH\View\View.php(227): CodeIgniter\View\View->CodeIgniter\View\{closure}()
 4 SYSTEMPATH\Common.php(1173): CodeIgniter\View\View->render('pages/dashboard/dashboard_page', [], true)
 5 APPPATH\Controllers\Dashboard\DashboardController.php(44): view('pages/dashboard/dashboard_page', [...])
 6 SYSTEMPATH\CodeIgniter.php(933): App\Controllers\Dashboard\DashboardController->index()
 7 SYSTEMPATH\CodeIgniter.php(507): CodeIgniter\CodeIgniter->runController(Object(App\Controllers\Dashboard\DashboardController))
 8 SYSTEMPATH\CodeIgniter.php(354): CodeIgniter\CodeIgniter->handleRequest(null, Object(Config\Cache), false)
 9 SYSTEMPATH\Boot.php(334): CodeIgniter\CodeIgniter->run()
10 SYSTEMPATH\Boot.php(67): CodeIgniter\Boot::runCodeIgniter(Object(CodeIgniter\CodeIgniter))
11 FCPATH\index.php(56): CodeIgniter\Boot::bootWeb(Object(Config\Paths))
12 SYSTEMPATH\rewrite.php(44): require_once('C:\\laragon\\www\\SmashCourtt\\public\\index.php')
CRITICAL - 2025-02-22 00:26:18 --> ErrorException: Undefined array key "id"
[Method: GET, Route: dashboard]
in APPPATH\Views\pages\dashboard\dashboard_page.php on line 113.
 1 APPPATH\Views\pages\dashboard\dashboard_page.php(113): CodeIgniter\Debug\Exceptions->errorHandler(2, 'Undefined array key "id"', 'C:\\laragon\\www\\SmashCourtt\\app\\Views\\pages\\dashboard\\dashboard_page.php', 113)
 2 SYSTEMPATH\View\View.php(224): include('C:\\laragon\\www\\SmashCourtt\\app\\Views\\pages\\dashboard\\dashboard_page.php')
 3 SYSTEMPATH\View\View.php(227): CodeIgniter\View\View->CodeIgniter\View\{closure}()
 4 SYSTEMPATH\Common.php(1173): CodeIgniter\View\View->render('pages/dashboard/dashboard_page', [], true)
 5 APPPATH\Controllers\Dashboard\DashboardController.php(44): view('pages/dashboard/dashboard_page', [...])
 6 SYSTEMPATH\CodeIgniter.php(933): App\Controllers\Dashboard\DashboardController->index()
 7 SYSTEMPATH\CodeIgniter.php(507): CodeIgniter\CodeIgniter->runController(Object(App\Controllers\Dashboard\DashboardController))
 8 SYSTEMPATH\CodeIgniter.php(354): CodeIgniter\CodeIgniter->handleRequest(null, Object(Config\Cache), false)
 9 SYSTEMPATH\Boot.php(334): CodeIgniter\CodeIgniter->run()
10 SYSTEMPATH\Boot.php(67): CodeIgniter\Boot::runCodeIgniter(Object(CodeIgniter\CodeIgniter))
11 FCPATH\index.php(56): CodeIgniter\Boot::bootWeb(Object(Config\Paths))
12 SYSTEMPATH\rewrite.php(44): require_once('C:\\laragon\\www\\SmashCourtt\\public\\index.php')
CRITICAL - 2025-02-22 00:26:22 --> ErrorException: Undefined array key "id"
[Method: GET, Route: dashboard]
in APPPATH\Views\pages\dashboard\dashboard_page.php on line 113.
 1 APPPATH\Views\pages\dashboard\dashboard_page.php(113): CodeIgniter\Debug\Exceptions->errorHandler(2, 'Undefined array key "id"', 'C:\\laragon\\www\\SmashCourtt\\app\\Views\\pages\\dashboard\\dashboard_page.php', 113)
 2 SYSTEMPATH\View\View.php(224): include('C:\\laragon\\www\\SmashCourtt\\app\\Views\\pages\\dashboard\\dashboard_page.php')
 3 SYSTEMPATH\View\View.php(227): CodeIgniter\View\View->CodeIgniter\View\{closure}()
 4 SYSTEMPATH\Common.php(1173): CodeIgniter\View\View->render('pages/dashboard/dashboard_page', [], true)
 5 APPPATH\Controllers\Dashboard\DashboardController.php(44): view('pages/dashboard/dashboard_page', [...])
 6 SYSTEMPATH\CodeIgniter.php(933): App\Controllers\Dashboard\DashboardController->index()
 7 SYSTEMPATH\CodeIgniter.php(507): CodeIgniter\CodeIgniter->runController(Object(App\Controllers\Dashboard\DashboardController))
 8 SYSTEMPATH\CodeIgniter.php(354): CodeIgniter\CodeIgniter->handleRequest(null, Object(Config\Cache), false)
 9 SYSTEMPATH\Boot.php(334): CodeIgniter\CodeIgniter->run()
10 SYSTEMPATH\Boot.php(67): CodeIgniter\Boot::runCodeIgniter(Object(CodeIgniter\CodeIgniter))
11 FCPATH\index.php(56): CodeIgniter\Boot::bootWeb(Object(Config\Paths))
12 SYSTEMPATH\rewrite.php(44): require_once('C:\\laragon\\www\\SmashCourtt\\public\\index.php')
CRITICAL - 2025-02-22 00:26:22 --> ErrorException: Undefined array key "id"
[Method: GET, Route: dashboard]
in APPPATH\Views\pages\dashboard\dashboard_page.php on line 113.
 1 APPPATH\Views\pages\dashboard\dashboard_page.php(113): CodeIgniter\Debug\Exceptions->errorHandler(2, 'Undefined array key "id"', 'C:\\laragon\\www\\SmashCourtt\\app\\Views\\pages\\dashboard\\dashboard_page.php', 113)
 2 SYSTEMPATH\View\View.php(224): include('C:\\laragon\\www\\SmashCourtt\\app\\Views\\pages\\dashboard\\dashboard_page.php')
 3 SYSTEMPATH\View\View.php(227): CodeIgniter\View\View->CodeIgniter\View\{closure}()
 4 SYSTEMPATH\Common.php(1173): CodeIgniter\View\View->render('pages/dashboard/dashboard_page', [], true)
 5 APPPATH\Controllers\Dashboard\DashboardController.php(44): view('pages/dashboard/dashboard_page', [...])
 6 SYSTEMPATH\CodeIgniter.php(933): App\Controllers\Dashboard\DashboardController->index()
 7 SYSTEMPATH\CodeIgniter.php(507): CodeIgniter\CodeIgniter->runController(Object(App\Controllers\Dashboard\DashboardController))
 8 SYSTEMPATH\CodeIgniter.php(354): CodeIgniter\CodeIgniter->handleRequest(null, Object(Config\Cache), false)
 9 SYSTEMPATH\Boot.php(334): CodeIgniter\CodeIgniter->run()
10 SYSTEMPATH\Boot.php(67): CodeIgniter\Boot::runCodeIgniter(Object(CodeIgniter\CodeIgniter))
11 FCPATH\index.php(56): CodeIgniter\Boot::bootWeb(Object(Config\Paths))
12 SYSTEMPATH\rewrite.php(44): require_once('C:\\laragon\\www\\SmashCourtt\\public\\index.php')
CRITICAL - 2025-02-22 00:26:25 --> ErrorException: Undefined array key "id"
[Method: GET, Route: dashboard]
in APPPATH\Views\pages\dashboard\dashboard_page.php on line 113.
 1 APPPATH\Views\pages\dashboard\dashboard_page.php(113): CodeIgniter\Debug\Exceptions->errorHandler(2, 'Undefined array key "id"', 'C:\\laragon\\www\\SmashCourtt\\app\\Views\\pages\\dashboard\\dashboard_page.php', 113)
 2 SYSTEMPATH\View\View.php(224): include('C:\\laragon\\www\\SmashCourtt\\app\\Views\\pages\\dashboard\\dashboard_page.php')
 3 SYSTEMPATH\View\View.php(227): CodeIgniter\View\View->CodeIgniter\View\{closure}()
 4 SYSTEMPATH\Common.php(1173): CodeIgniter\View\View->render('pages/dashboard/dashboard_page', [], true)
 5 APPPATH\Controllers\Dashboard\DashboardController.php(44): view('pages/dashboard/dashboard_page', [...])
 6 SYSTEMPATH\CodeIgniter.php(933): App\Controllers\Dashboard\DashboardController->index()
 7 SYSTEMPATH\CodeIgniter.php(507): CodeIgniter\CodeIgniter->runController(Object(App\Controllers\Dashboard\DashboardController))
 8 SYSTEMPATH\CodeIgniter.php(354): CodeIgniter\CodeIgniter->handleRequest(null, Object(Config\Cache), false)
 9 SYSTEMPATH\Boot.php(334): CodeIgniter\CodeIgniter->run()
10 SYSTEMPATH\Boot.php(67): CodeIgniter\Boot::runCodeIgniter(Object(CodeIgniter\CodeIgniter))
11 FCPATH\index.php(56): CodeIgniter\Boot::bootWeb(Object(Config\Paths))
12 SYSTEMPATH\rewrite.php(44): require_once('C:\\laragon\\www\\SmashCourtt\\public\\index.php')
CRITICAL - 2025-02-22 00:26:26 --> ErrorException: Undefined array key "id"
[Method: GET, Route: dashboard]
in APPPATH\Views\pages\dashboard\dashboard_page.php on line 113.
 1 APPPATH\Views\pages\dashboard\dashboard_page.php(113): CodeIgniter\Debug\Exceptions->errorHandler(2, 'Undefined array key "id"', 'C:\\laragon\\www\\SmashCourtt\\app\\Views\\pages\\dashboard\\dashboard_page.php', 113)
 2 SYSTEMPATH\View\View.php(224): include('C:\\laragon\\www\\SmashCourtt\\app\\Views\\pages\\dashboard\\dashboard_page.php')
 3 SYSTEMPATH\View\View.php(227): CodeIgniter\View\View->CodeIgniter\View\{closure}()
 4 SYSTEMPATH\Common.php(1173): CodeIgniter\View\View->render('pages/dashboard/dashboard_page', [], true)
 5 APPPATH\Controllers\Dashboard\DashboardController.php(44): view('pages/dashboard/dashboard_page', [...])
 6 SYSTEMPATH\CodeIgniter.php(933): App\Controllers\Dashboard\DashboardController->index()
 7 SYSTEMPATH\CodeIgniter.php(507): CodeIgniter\CodeIgniter->runController(Object(App\Controllers\Dashboard\DashboardController))
 8 SYSTEMPATH\CodeIgniter.php(354): CodeIgniter\CodeIgniter->handleRequest(null, Object(Config\Cache), false)
 9 SYSTEMPATH\Boot.php(334): CodeIgniter\CodeIgniter->run()
10 SYSTEMPATH\Boot.php(67): CodeIgniter\Boot::runCodeIgniter(Object(CodeIgniter\CodeIgniter))
11 FCPATH\index.php(56): CodeIgniter\Boot::bootWeb(Object(Config\Paths))
12 SYSTEMPATH\rewrite.php(44): require_once('C:\\laragon\\www\\SmashCourtt\\public\\index.php')
CRITICAL - 2025-02-22 00:26:28 --> ErrorException: Undefined array key "id"
[Method: GET, Route: dashboard]
in APPPATH\Views\pages\dashboard\dashboard_page.php on line 113.
 1 APPPATH\Views\pages\dashboard\dashboard_page.php(113): CodeIgniter\Debug\Exceptions->errorHandler(2, 'Undefined array key "id"', 'C:\\laragon\\www\\SmashCourtt\\app\\Views\\pages\\dashboard\\dashboard_page.php', 113)
 2 SYSTEMPATH\View\View.php(224): include('C:\\laragon\\www\\SmashCourtt\\app\\Views\\pages\\dashboard\\dashboard_page.php')
 3 SYSTEMPATH\View\View.php(227): CodeIgniter\View\View->CodeIgniter\View\{closure}()
 4 SYSTEMPATH\Common.php(1173): CodeIgniter\View\View->render('pages/dashboard/dashboard_page', [], true)
 5 APPPATH\Controllers\Dashboard\DashboardController.php(44): view('pages/dashboard/dashboard_page', [...])
 6 SYSTEMPATH\CodeIgniter.php(933): App\Controllers\Dashboard\DashboardController->index()
 7 SYSTEMPATH\CodeIgniter.php(507): CodeIgniter\CodeIgniter->runController(Object(App\Controllers\Dashboard\DashboardController))
 8 SYSTEMPATH\CodeIgniter.php(354): CodeIgniter\CodeIgniter->handleRequest(null, Object(Config\Cache), false)
 9 SYSTEMPATH\Boot.php(334): CodeIgniter\CodeIgniter->run()
10 SYSTEMPATH\Boot.php(67): CodeIgniter\Boot::runCodeIgniter(Object(CodeIgniter\CodeIgniter))
11 FCPATH\index.php(56): CodeIgniter\Boot::bootWeb(Object(Config\Paths))
12 SYSTEMPATH\rewrite.php(44): require_once('C:\\laragon\\www\\SmashCourtt\\public\\index.php')
CRITICAL - 2025-02-22 00:26:34 --> ErrorException: Undefined array key "id"
[Method: GET, Route: dashboard]
in APPPATH\Views\pages\dashboard\dashboard_page.php on line 113.
 1 APPPATH\Views\pages\dashboard\dashboard_page.php(113): CodeIgniter\Debug\Exceptions->errorHandler(2, 'Undefined array key "id"', 'C:\\laragon\\www\\SmashCourtt\\app\\Views\\pages\\dashboard\\dashboard_page.php', 113)
 2 SYSTEMPATH\View\View.php(224): include('C:\\laragon\\www\\SmashCourtt\\app\\Views\\pages\\dashboard\\dashboard_page.php')
 3 SYSTEMPATH\View\View.php(227): CodeIgniter\View\View->CodeIgniter\View\{closure}()
 4 SYSTEMPATH\Common.php(1173): CodeIgniter\View\View->render('pages/dashboard/dashboard_page', [], true)
 5 APPPATH\Controllers\Dashboard\DashboardController.php(44): view('pages/dashboard/dashboard_page', [...])
 6 SYSTEMPATH\CodeIgniter.php(933): App\Controllers\Dashboard\DashboardController->index()
 7 SYSTEMPATH\CodeIgniter.php(507): CodeIgniter\CodeIgniter->runController(Object(App\Controllers\Dashboard\DashboardController))
 8 SYSTEMPATH\CodeIgniter.php(354): CodeIgniter\CodeIgniter->handleRequest(null, Object(Config\Cache), false)
 9 SYSTEMPATH\Boot.php(334): CodeIgniter\CodeIgniter->run()
10 SYSTEMPATH\Boot.php(67): CodeIgniter\Boot::runCodeIgniter(Object(CodeIgniter\CodeIgniter))
11 FCPATH\index.php(56): CodeIgniter\Boot::bootWeb(Object(Config\Paths))
12 SYSTEMPATH\rewrite.php(44): require_once('C:\\laragon\\www\\SmashCourtt\\public\\index.php')
CRITICAL - 2025-02-22 00:26:34 --> ErrorException: Undefined array key "id"
[Method: GET, Route: dashboard]
in APPPATH\Views\pages\dashboard\dashboard_page.php on line 113.
 1 APPPATH\Views\pages\dashboard\dashboard_page.php(113): CodeIgniter\Debug\Exceptions->errorHandler(2, 'Undefined array key "id"', 'C:\\laragon\\www\\SmashCourtt\\app\\Views\\pages\\dashboard\\dashboard_page.php', 113)
 2 SYSTEMPATH\View\View.php(224): include('C:\\laragon\\www\\SmashCourtt\\app\\Views\\pages\\dashboard\\dashboard_page.php')
 3 SYSTEMPATH\View\View.php(227): CodeIgniter\View\View->CodeIgniter\View\{closure}()
 4 SYSTEMPATH\Common.php(1173): CodeIgniter\View\View->render('pages/dashboard/dashboard_page', [], true)
 5 APPPATH\Controllers\Dashboard\DashboardController.php(44): view('pages/dashboard/dashboard_page', [...])
 6 SYSTEMPATH\CodeIgniter.php(933): App\Controllers\Dashboard\DashboardController->index()
 7 SYSTEMPATH\CodeIgniter.php(507): CodeIgniter\CodeIgniter->runController(Object(App\Controllers\Dashboard\DashboardController))
 8 SYSTEMPATH\CodeIgniter.php(354): CodeIgniter\CodeIgniter->handleRequest(null, Object(Config\Cache), false)
 9 SYSTEMPATH\Boot.php(334): CodeIgniter\CodeIgniter->run()
10 SYSTEMPATH\Boot.php(67): CodeIgniter\Boot::runCodeIgniter(Object(CodeIgniter\CodeIgniter))
11 FCPATH\index.php(56): CodeIgniter\Boot::bootWeb(Object(Config\Paths))
12 SYSTEMPATH\rewrite.php(44): require_once('C:\\laragon\\www\\SmashCourtt\\public\\index.php')
CRITICAL - 2025-02-22 00:28:07 --> ErrorException: Undefined array key "id"
[Method: GET, Route: dashboard]
in APPPATH\Views\pages\dashboard\dashboard_page.php on line 113.
 1 APPPATH\Views\pages\dashboard\dashboard_page.php(113): CodeIgniter\Debug\Exceptions->errorHandler(2, 'Undefined array key "id"', 'C:\\laragon\\www\\SmashCourtt\\app\\Views\\pages\\dashboard\\dashboard_page.php', 113)
 2 SYSTEMPATH\View\View.php(224): include('C:\\laragon\\www\\SmashCourtt\\app\\Views\\pages\\dashboard\\dashboard_page.php')
 3 SYSTEMPATH\View\View.php(227): CodeIgniter\View\View->CodeIgniter\View\{closure}()
 4 SYSTEMPATH\Common.php(1173): CodeIgniter\View\View->render('pages/dashboard/dashboard_page', [], true)
 5 APPPATH\Controllers\Dashboard\DashboardController.php(44): view('pages/dashboard/dashboard_page', [...])
 6 SYSTEMPATH\CodeIgniter.php(933): App\Controllers\Dashboard\DashboardController->index()
 7 SYSTEMPATH\CodeIgniter.php(507): CodeIgniter\CodeIgniter->runController(Object(App\Controllers\Dashboard\DashboardController))
 8 SYSTEMPATH\CodeIgniter.php(354): CodeIgniter\CodeIgniter->handleRequest(null, Object(Config\Cache), false)
 9 SYSTEMPATH\Boot.php(334): CodeIgniter\CodeIgniter->run()
10 SYSTEMPATH\Boot.php(67): CodeIgniter\Boot::runCodeIgniter(Object(CodeIgniter\CodeIgniter))
11 FCPATH\index.php(56): CodeIgniter\Boot::bootWeb(Object(Config\Paths))
12 SYSTEMPATH\rewrite.php(44): require_once('C:\\laragon\\www\\SmashCourtt\\public\\index.php')
CRITICAL - 2025-02-22 00:29:37 --> ErrorException: Undefined array key "customer_name"
[Method: GET, Route: dashboard]
in APPPATH\Views\pages\dashboard\dashboard_page.php on line 114.
 1 APPPATH\Views\pages\dashboard\dashboard_page.php(114): CodeIgniter\Debug\Exceptions->errorHandler(2, 'Undefined array key "customer_name"', 'C:\\laragon\\www\\SmashCourtt\\app\\Views\\pages\\dashboard\\dashboard_page.php', 114)
 2 SYSTEMPATH\View\View.php(224): include('C:\\laragon\\www\\SmashCourtt\\app\\Views\\pages\\dashboard\\dashboard_page.php')
 3 SYSTEMPATH\View\View.php(227): CodeIgniter\View\View->CodeIgniter\View\{closure}()
 4 SYSTEMPATH\Common.php(1173): CodeIgniter\View\View->render('pages/dashboard/dashboard_page', [], true)
 5 APPPATH\Controllers\Dashboard\DashboardController.php(44): view('pages/dashboard/dashboard_page', [...])
 6 SYSTEMPATH\CodeIgniter.php(933): App\Controllers\Dashboard\DashboardController->index()
 7 SYSTEMPATH\CodeIgniter.php(507): CodeIgniter\CodeIgniter->runController(Object(App\Controllers\Dashboard\DashboardController))
 8 SYSTEMPATH\CodeIgniter.php(354): CodeIgniter\CodeIgniter->handleRequest(null, Object(Config\Cache), false)
 9 SYSTEMPATH\Boot.php(334): CodeIgniter\CodeIgniter->run()
10 SYSTEMPATH\Boot.php(67): CodeIgniter\Boot::runCodeIgniter(Object(CodeIgniter\CodeIgniter))
11 FCPATH\index.php(56): CodeIgniter\Boot::bootWeb(Object(Config\Paths))
12 SYSTEMPATH\rewrite.php(44): require_once('C:\\laragon\\www\\SmashCourtt\\public\\index.php')
CRITICAL - 2025-02-22 00:32:13 --> ErrorException: Undefined variable $username
[Method: GET, Route: user-booking]
in APPPATH\Views\layouts\global\top_header.php on line 63.
 1 APPPATH\Views\layouts\global\top_header.php(63): CodeIgniter\Debug\Exceptions->errorHandler(2, 'Undefined variable $username', 'C:\\laragon\\www\\SmashCourtt\\app\\Views\\layouts\\global\\top_header.php', 63)
 2 SYSTEMPATH\View\View.php(224): include('C:\\laragon\\www\\SmashCourtt\\app\\Views\\layouts\\global\\top_header.php')
 3 SYSTEMPATH\View\View.php(227): CodeIgniter\View\View->CodeIgniter\View\{closure}()
 4 SYSTEMPATH\View\View.php(475): CodeIgniter\View\View->render('layouts/global/top_header', null, true)
 5 APPPATH\Views\pages\userbooking\user_booking_page.php(5): CodeIgniter\View\View->include('layouts/global/top_header')
 6 SYSTEMPATH\View\View.php(224): include('C:\\laragon\\www\\SmashCourtt\\app\\Views\\pages\\userbooking\\user_booking_page.php')
 7 SYSTEMPATH\View\View.php(227): CodeIgniter\View\View->CodeIgniter\View\{closure}()
 8 SYSTEMPATH\Common.php(1173): CodeIgniter\View\View->render('pages/userbooking/user_booking_page', [], true)
 9 APPPATH\Controllers\UserBooking\UserBookingController.php(32): view('pages/userbooking/user_booking_page', [...])
10 SYSTEMPATH\CodeIgniter.php(933): App\Controllers\UserBooking\UserBookingController->index()
11 SYSTEMPATH\CodeIgniter.php(507): CodeIgniter\CodeIgniter->runController(Object(App\Controllers\UserBooking\UserBookingController))
12 SYSTEMPATH\CodeIgniter.php(354): CodeIgniter\CodeIgniter->handleRequest(null, Object(Config\Cache), false)
13 SYSTEMPATH\Boot.php(334): CodeIgniter\CodeIgniter->run()
14 SYSTEMPATH\Boot.php(67): CodeIgniter\Boot::runCodeIgniter(Object(CodeIgniter\CodeIgniter))
15 FCPATH\index.php(56): CodeIgniter\Boot::bootWeb(Object(Config\Paths))
16 SYSTEMPATH\rewrite.php(44): require_once('C:\\laragon\\www\\SmashCourtt\\public\\index.php')
CRITICAL - 2025-02-22 00:33:45 --> ErrorException: Undefined variable $username
[Method: GET, Route: booking-history]
in APPPATH\Views\layouts\global\top_header.php on line 63.
 1 APPPATH\Views\layouts\global\top_header.php(63): CodeIgniter\Debug\Exceptions->errorHandler(2, 'Undefined variable $username', 'C:\\laragon\\www\\SmashCourtt\\app\\Views\\layouts\\global\\top_header.php', 63)
 2 SYSTEMPATH\View\View.php(224): include('C:\\laragon\\www\\SmashCourtt\\app\\Views\\layouts\\global\\top_header.php')
 3 SYSTEMPATH\View\View.php(227): CodeIgniter\View\View->CodeIgniter\View\{closure}()
 4 SYSTEMPATH\View\View.php(475): CodeIgniter\View\View->render('layouts/global/top_header', null, true)
 5 APPPATH\Views\pages\bookinghistory\booking_history_page.php(5): CodeIgniter\View\View->include('layouts/global/top_header')
 6 SYSTEMPATH\View\View.php(224): include('C:\\laragon\\www\\SmashCourtt\\app\\Views\\pages\\bookinghistory\\booking_history_page.php')
 7 SYSTEMPATH\View\View.php(227): CodeIgniter\View\View->CodeIgniter\View\{closure}()
 8 SYSTEMPATH\Common.php(1173): CodeIgniter\View\View->render('pages/bookinghistory/booking_history_page', [], true)
 9 APPPATH\Controllers\BookingHistory\BookingHistoryController.php(32): view('pages/bookinghistory/booking_history_page', [...])
10 SYSTEMPATH\CodeIgniter.php(933): App\Controllers\BookingHistory\BookingHistoryController->index()
11 SYSTEMPATH\CodeIgniter.php(507): CodeIgniter\CodeIgniter->runController(Object(App\Controllers\BookingHistory\BookingHistoryController))
12 SYSTEMPATH\CodeIgniter.php(354): CodeIgniter\CodeIgniter->handleRequest(null, Object(Config\Cache), false)
13 SYSTEMPATH\Boot.php(334): CodeIgniter\CodeIgniter->run()
14 SYSTEMPATH\Boot.php(67): CodeIgniter\Boot::runCodeIgniter(Object(CodeIgniter\CodeIgniter))
15 FCPATH\index.php(56): CodeIgniter\Boot::bootWeb(Object(Config\Paths))
16 SYSTEMPATH\rewrite.php(44): require_once('C:\\laragon\\www\\SmashCourtt\\public\\index.php')
CRITICAL - 2025-02-22 00:35:23 --> ErrorException: Undefined variable $username
[Method: GET, Route: daily-booking-list]
in APPPATH\Views\layouts\global\top_header.php on line 63.
 1 APPPATH\Views\layouts\global\top_header.php(63): CodeIgniter\Debug\Exceptions->errorHandler(2, 'Undefined variable $username', 'C:\\laragon\\www\\SmashCourtt\\app\\Views\\layouts\\global\\top_header.php', 63)
 2 SYSTEMPATH\View\View.php(224): include('C:\\laragon\\www\\SmashCourtt\\app\\Views\\layouts\\global\\top_header.php')
 3 SYSTEMPATH\View\View.php(227): CodeIgniter\View\View->CodeIgniter\View\{closure}()
 4 SYSTEMPATH\View\View.php(475): CodeIgniter\View\View->render('layouts/global/top_header', null, true)
 5 APPPATH\Views\pages\dailybookinglist\daily_booking_list_page.php(5): CodeIgniter\View\View->include('layouts/global/top_header')
 6 SYSTEMPATH\View\View.php(224): include('C:\\laragon\\www\\SmashCourtt\\app\\Views\\pages\\dailybookinglist\\daily_booking_list_page.php')
 7 SYSTEMPATH\View\View.php(227): CodeIgniter\View\View->CodeIgniter\View\{closure}()
 8 SYSTEMPATH\Common.php(1173): CodeIgniter\View\View->render('pages/dailybookinglist/daily_booking_list_page', [], true)
 9 APPPATH\Controllers\DailyBookingList\DailyBookingListController.php(32): view('pages/dailybookinglist/daily_booking_list_page', [...])
10 SYSTEMPATH\CodeIgniter.php(933): App\Controllers\DailyBookingList\DailyBookingListController->index()
11 SYSTEMPATH\CodeIgniter.php(507): CodeIgniter\CodeIgniter->runController(Object(App\Controllers\DailyBookingList\DailyBookingListController))
12 SYSTEMPATH\CodeIgniter.php(354): CodeIgniter\CodeIgniter->handleRequest(null, Object(Config\Cache), false)
13 SYSTEMPATH\Boot.php(334): CodeIgniter\CodeIgniter->run()
14 SYSTEMPATH\Boot.php(67): CodeIgniter\Boot::runCodeIgniter(Object(CodeIgniter\CodeIgniter))
15 FCPATH\index.php(56): CodeIgniter\Boot::bootWeb(Object(Config\Paths))
16 SYSTEMPATH\rewrite.php(44): require_once('C:\\laragon\\www\\SmashCourtt\\public\\index.php')
ERROR - 2025-02-22 03:30:43 --> mysqli_sql_exception: Column 'bukti_transfer' cannot be null in C:\laragon\www\SmashCourtt\system\Database\MySQLi\Connection.php:327
Stack trace:
#0 C:\laragon\www\SmashCourtt\system\Database\MySQLi\Connection.php(327): mysqli->query('INSERT INTO `fi...', 0)
#1 C:\laragon\www\SmashCourtt\system\Database\BaseConnection.php(738): CodeIgniter\Database\MySQLi\Connection->execute('INSERT INTO `fi...')
#2 C:\laragon\www\SmashCourtt\system\Database\BaseConnection.php(652): CodeIgniter\Database\BaseConnection->simpleQuery('INSERT INTO `fi...')
#3 C:\laragon\www\SmashCourtt\system\Database\BaseBuilder.php(2345): CodeIgniter\Database\BaseConnection->query('INSERT INTO `fi...', Array, false)
#4 C:\laragon\www\SmashCourtt\system\Model.php(394): CodeIgniter\Database\BaseBuilder->insert()
#5 C:\laragon\www\SmashCourtt\system\BaseModel.php(839): CodeIgniter\Model->doInsert(Array)
#6 C:\laragon\www\SmashCourtt\system\Model.php(800): CodeIgniter\BaseModel->insert(Array, true)
#7 C:\laragon\www\SmashCourtt\app\Controllers\FieldBooking\FieldBookingController.php(142): CodeIgniter\Model->insert(Array)
#8 C:\laragon\www\SmashCourtt\system\CodeIgniter.php(933): App\Controllers\FieldBooking\FieldBookingController->save()
#9 C:\laragon\www\SmashCourtt\system\CodeIgniter.php(507): CodeIgniter\CodeIgniter->runController(Object(App\Controllers\FieldBooking\FieldBookingController))
#10 C:\laragon\www\SmashCourtt\system\CodeIgniter.php(354): CodeIgniter\CodeIgniter->handleRequest(NULL, Object(Config\Cache), false)
#11 C:\laragon\www\SmashCourtt\system\Boot.php(334): CodeIgniter\CodeIgniter->run()
#12 C:\laragon\www\SmashCourtt\system\Boot.php(67): CodeIgniter\Boot::runCodeIgniter(Object(CodeIgniter\CodeIgniter))
#13 C:\laragon\www\SmashCourtt\public\index.php(56): CodeIgniter\Boot::bootWeb(Object(Config\Paths))
#14 C:\laragon\www\SmashCourtt\system\rewrite.php(44): require_once('C:\\laragon\\www\\...')
#15 {main}
ERROR - 2025-02-22 03:30:47 --> mysqli_sql_exception: Column 'bukti_transfer' cannot be null in C:\laragon\www\SmashCourtt\system\Database\MySQLi\Connection.php:327
Stack trace:
#0 C:\laragon\www\SmashCourtt\system\Database\MySQLi\Connection.php(327): mysqli->query('INSERT INTO `fi...', 0)
#1 C:\laragon\www\SmashCourtt\system\Database\BaseConnection.php(738): CodeIgniter\Database\MySQLi\Connection->execute('INSERT INTO `fi...')
#2 C:\laragon\www\SmashCourtt\system\Database\BaseConnection.php(652): CodeIgniter\Database\BaseConnection->simpleQuery('INSERT INTO `fi...')
#3 C:\laragon\www\SmashCourtt\system\Database\BaseBuilder.php(2345): CodeIgniter\Database\BaseConnection->query('INSERT INTO `fi...', Array, false)
#4 C:\laragon\www\SmashCourtt\system\Model.php(394): CodeIgniter\Database\BaseBuilder->insert()
#5 C:\laragon\www\SmashCourtt\system\BaseModel.php(839): CodeIgniter\Model->doInsert(Array)
#6 C:\laragon\www\SmashCourtt\system\Model.php(800): CodeIgniter\BaseModel->insert(Array, true)
#7 C:\laragon\www\SmashCourtt\app\Controllers\FieldBooking\FieldBookingController.php(142): CodeIgniter\Model->insert(Array)
#8 C:\laragon\www\SmashCourtt\system\CodeIgniter.php(933): App\Controllers\FieldBooking\FieldBookingController->save()
#9 C:\laragon\www\SmashCourtt\system\CodeIgniter.php(507): CodeIgniter\CodeIgniter->runController(Object(App\Controllers\FieldBooking\FieldBookingController))
#10 C:\laragon\www\SmashCourtt\system\CodeIgniter.php(354): CodeIgniter\CodeIgniter->handleRequest(NULL, Object(Config\Cache), false)
#11 C:\laragon\www\SmashCourtt\system\Boot.php(334): CodeIgniter\CodeIgniter->run()
#12 C:\laragon\www\SmashCourtt\system\Boot.php(67): CodeIgniter\Boot::runCodeIgniter(Object(CodeIgniter\CodeIgniter))
#13 C:\laragon\www\SmashCourtt\public\index.php(56): CodeIgniter\Boot::bootWeb(Object(Config\Paths))
#14 C:\laragon\www\SmashCourtt\system\rewrite.php(44): require_once('C:\\laragon\\www\\...')
#15 {main}
