CRITICAL - 2025-02-18 01:18:19 --> CodeIgniter\View\Exceptions\ViewException: Invalid file: "layouts/auth/header.php"
[Method: GET, Route: /]
in SYSTEMPATH\Exceptions\FrameworkException.php on line 39.
 1 SYSTEMPATH\View\View.php(212): CodeIgniter\Exceptions\FrameworkException::forInvalidFile('layouts/auth/header.php')
 2 SYSTEMPATH\View\View.php(475): CodeIgniter\View\View->render('layouts/auth/header', null, true)
 3 APPPATH\Views\welcome_message.php(1): CodeIgniter\View\View->include('layouts/auth/header')
 4 SYSTEMPATH\View\View.php(224): include('C:\\laragon\\www\\SmashCourtt\\app\\Views\\welcome_message.php')
 5 SYSTEMPATH\View\View.php(227): CodeIgniter\View\View->CodeIgniter\View\{closure}()
 6 SYSTEMPATH\Common.php(1173): CodeIgniter\View\View->render('welcome_message', [], true)
 7 APPPATH\Controllers\Home.php(9): view('welcome_message')
 8 SYSTEMPATH\CodeIgniter.php(933): App\Controllers\Home->index()
 9 SYSTEMPATH\CodeIgniter.php(507): CodeIgniter\CodeIgniter->runController(Object(App\Controllers\Home))
10 SYSTEMPATH\CodeIgniter.php(354): CodeIgniter\CodeIgniter->handleRequest(null, Object(Config\Cache), false)
11 SYSTEMPATH\Boot.php(334): CodeIgniter\CodeIgniter->run()
12 SYSTEMPATH\Boot.php(67): CodeIgniter\Boot::runCodeIgniter(Object(CodeIgniter\CodeIgniter))
13 FCPATH\index.php(56): CodeIgniter\Boot::bootWeb(Object(Config\Paths))
14 SYSTEMPATH\rewrite.php(44): require_once('C:\\laragon\\www\\SmashCourtt\\public\\index.php')
CRITICAL - 2025-02-18 01:45:17 --> Error: Call to undefined function App\Controllers\Auth\checkPageExist()
[Method: GET, Route: auth/register]
in APPPATH\Controllers\Auth\AuthController.php on line 28.
 1 SYSTEMPATH\CodeIgniter.php(933): App\Controllers\Auth\AuthController->register()
 2 SYSTEMPATH\CodeIgniter.php(507): CodeIgniter\CodeIgniter->runController(Object(App\Controllers\Auth\AuthController))
 3 SYSTEMPATH\CodeIgniter.php(354): CodeIgniter\CodeIgniter->handleRequest(null, Object(Config\Cache), false)
 4 SYSTEMPATH\Boot.php(334): CodeIgniter\CodeIgniter->run()
 5 SYSTEMPATH\Boot.php(67): CodeIgniter\Boot::runCodeIgniter(Object(CodeIgniter\CodeIgniter))
 6 FCPATH\index.php(56): CodeIgniter\Boot::bootWeb(Object(Config\Paths))
 7 SYSTEMPATH\rewrite.php(44): require_once('C:\\laragon\\www\\SmashCourtt\\public\\index.php')
CRITICAL - 2025-02-18 01:45:58 --> Error: Call to undefined function App\Controllers\Auth\checkPageExist()
[Method: GET, Route: auth/register]
in APPPATH\Controllers\Auth\AuthController.php on line 28.
 1 SYSTEMPATH\CodeIgniter.php(933): App\Controllers\Auth\AuthController->register()
 2 SYSTEMPATH\CodeIgniter.php(507): CodeIgniter\CodeIgniter->runController(Object(App\Controllers\Auth\AuthController))
 3 SYSTEMPATH\CodeIgniter.php(354): CodeIgniter\CodeIgniter->handleRequest(null, Object(Config\Cache), false)
 4 SYSTEMPATH\Boot.php(334): CodeIgniter\CodeIgniter->run()
 5 SYSTEMPATH\Boot.php(67): CodeIgniter\Boot::runCodeIgniter(Object(CodeIgniter\CodeIgniter))
 6 FCPATH\index.php(56): CodeIgniter\Boot::bootWeb(Object(Config\Paths))
 7 SYSTEMPATH\rewrite.php(44): require_once('C:\\laragon\\www\\SmashCourtt\\public\\index.php')
CRITICAL - 2025-02-18 01:46:46 --> Error: Call to undefined function App\Controllers\Auth\checkPageExist()
[Method: GET, Route: auth/register]
in APPPATH\Controllers\Auth\AuthController.php on line 28.
 1 SYSTEMPATH\CodeIgniter.php(933): App\Controllers\Auth\AuthController->register()
 2 SYSTEMPATH\CodeIgniter.php(507): CodeIgniter\CodeIgniter->runController(Object(App\Controllers\Auth\AuthController))
 3 SYSTEMPATH\CodeIgniter.php(354): CodeIgniter\CodeIgniter->handleRequest(null, Object(Config\Cache), false)
 4 SYSTEMPATH\Boot.php(334): CodeIgniter\CodeIgniter->run()
 5 SYSTEMPATH\Boot.php(67): CodeIgniter\Boot::runCodeIgniter(Object(CodeIgniter\CodeIgniter))
 6 FCPATH\index.php(56): CodeIgniter\Boot::bootWeb(Object(Config\Paths))
 7 SYSTEMPATH\rewrite.php(44): require_once('C:\\laragon\\www\\SmashCourtt\\public\\index.php')
CRITICAL - 2025-02-18 01:46:47 --> Error: Call to undefined function App\Controllers\Auth\checkPageExist()
[Method: GET, Route: auth/register]
in APPPATH\Controllers\Auth\AuthController.php on line 28.
 1 SYSTEMPATH\CodeIgniter.php(933): App\Controllers\Auth\AuthController->register()
 2 SYSTEMPATH\CodeIgniter.php(507): CodeIgniter\CodeIgniter->runController(Object(App\Controllers\Auth\AuthController))
 3 SYSTEMPATH\CodeIgniter.php(354): CodeIgniter\CodeIgniter->handleRequest(null, Object(Config\Cache), false)
 4 SYSTEMPATH\Boot.php(334): CodeIgniter\CodeIgniter->run()
 5 SYSTEMPATH\Boot.php(67): CodeIgniter\Boot::runCodeIgniter(Object(CodeIgniter\CodeIgniter))
 6 FCPATH\index.php(56): CodeIgniter\Boot::bootWeb(Object(Config\Paths))
 7 SYSTEMPATH\rewrite.php(44): require_once('C:\\laragon\\www\\SmashCourtt\\public\\index.php')
CRITICAL - 2025-02-18 01:46:47 --> Error: Call to undefined function App\Controllers\Auth\checkPageExist()
[Method: GET, Route: auth/register]
in APPPATH\Controllers\Auth\AuthController.php on line 28.
 1 SYSTEMPATH\CodeIgniter.php(933): App\Controllers\Auth\AuthController->register()
 2 SYSTEMPATH\CodeIgniter.php(507): CodeIgniter\CodeIgniter->runController(Object(App\Controllers\Auth\AuthController))
 3 SYSTEMPATH\CodeIgniter.php(354): CodeIgniter\CodeIgniter->handleRequest(null, Object(Config\Cache), false)
 4 SYSTEMPATH\Boot.php(334): CodeIgniter\CodeIgniter->run()
 5 SYSTEMPATH\Boot.php(67): CodeIgniter\Boot::runCodeIgniter(Object(CodeIgniter\CodeIgniter))
 6 FCPATH\index.php(56): CodeIgniter\Boot::bootWeb(Object(Config\Paths))
 7 SYSTEMPATH\rewrite.php(44): require_once('C:\\laragon\\www\\SmashCourtt\\public\\index.php')
CRITICAL - 2025-02-18 01:46:47 --> Error: Call to undefined function App\Controllers\Auth\checkPageExist()
[Method: GET, Route: auth/register]
in APPPATH\Controllers\Auth\AuthController.php on line 28.
 1 SYSTEMPATH\CodeIgniter.php(933): App\Controllers\Auth\AuthController->register()
 2 SYSTEMPATH\CodeIgniter.php(507): CodeIgniter\CodeIgniter->runController(Object(App\Controllers\Auth\AuthController))
 3 SYSTEMPATH\CodeIgniter.php(354): CodeIgniter\CodeIgniter->handleRequest(null, Object(Config\Cache), false)
 4 SYSTEMPATH\Boot.php(334): CodeIgniter\CodeIgniter->run()
 5 SYSTEMPATH\Boot.php(67): CodeIgniter\Boot::runCodeIgniter(Object(CodeIgniter\CodeIgniter))
 6 FCPATH\index.php(56): CodeIgniter\Boot::bootWeb(Object(Config\Paths))
 7 SYSTEMPATH\rewrite.php(44): require_once('C:\\laragon\\www\\SmashCourtt\\public\\index.php')
CRITICAL - 2025-02-18 01:46:47 --> Error: Call to undefined function App\Controllers\Auth\checkPageExist()
[Method: GET, Route: auth/register]
in APPPATH\Controllers\Auth\AuthController.php on line 28.
 1 SYSTEMPATH\CodeIgniter.php(933): App\Controllers\Auth\AuthController->register()
 2 SYSTEMPATH\CodeIgniter.php(507): CodeIgniter\CodeIgniter->runController(Object(App\Controllers\Auth\AuthController))
 3 SYSTEMPATH\CodeIgniter.php(354): CodeIgniter\CodeIgniter->handleRequest(null, Object(Config\Cache), false)
 4 SYSTEMPATH\Boot.php(334): CodeIgniter\CodeIgniter->run()
 5 SYSTEMPATH\Boot.php(67): CodeIgniter\Boot::runCodeIgniter(Object(CodeIgniter\CodeIgniter))
 6 FCPATH\index.php(56): CodeIgniter\Boot::bootWeb(Object(Config\Paths))
 7 SYSTEMPATH\rewrite.php(44): require_once('C:\\laragon\\www\\SmashCourtt\\public\\index.php')
CRITICAL - 2025-02-18 01:47:32 --> Error: Call to undefined function App\Controllers\Auth\checkPageExist()
[Method: GET, Route: auth/register]
in APPPATH\Controllers\Auth\AuthController.php on line 28.
 1 SYSTEMPATH\CodeIgniter.php(933): App\Controllers\Auth\AuthController->register()
 2 SYSTEMPATH\CodeIgniter.php(507): CodeIgniter\CodeIgniter->runController(Object(App\Controllers\Auth\AuthController))
 3 SYSTEMPATH\CodeIgniter.php(354): CodeIgniter\CodeIgniter->handleRequest(null, Object(Config\Cache), false)
 4 SYSTEMPATH\Boot.php(334): CodeIgniter\CodeIgniter->run()
 5 SYSTEMPATH\Boot.php(67): CodeIgniter\Boot::runCodeIgniter(Object(CodeIgniter\CodeIgniter))
 6 FCPATH\index.php(56): CodeIgniter\Boot::bootWeb(Object(Config\Paths))
 7 SYSTEMPATH\rewrite.php(44): require_once('C:\\laragon\\www\\SmashCourtt\\public\\index.php')
CRITICAL - 2025-02-18 01:49:42 --> Error: Call to undefined function App\Controllers\Auth\checkPageExist()
[Method: GET, Route: auth/register]
in APPPATH\Controllers\Auth\AuthController.php on line 28.
 1 SYSTEMPATH\CodeIgniter.php(933): App\Controllers\Auth\AuthController->register()
 2 SYSTEMPATH\CodeIgniter.php(507): CodeIgniter\CodeIgniter->runController(Object(App\Controllers\Auth\AuthController))
 3 SYSTEMPATH\CodeIgniter.php(354): CodeIgniter\CodeIgniter->handleRequest(null, Object(Config\Cache), false)
 4 SYSTEMPATH\Boot.php(334): CodeIgniter\CodeIgniter->run()
 5 SYSTEMPATH\Boot.php(67): CodeIgniter\Boot::runCodeIgniter(Object(CodeIgniter\CodeIgniter))
 6 FCPATH\index.php(56): CodeIgniter\Boot::bootWeb(Object(Config\Paths))
 7 SYSTEMPATH\rewrite.php(44): require_once('C:\\laragon\\www\\SmashCourtt\\public\\index.php')
CRITICAL - 2025-02-18 01:52:07 --> Error: Call to undefined function App\Controllers\Auth\checkPageExist()
[Method: GET, Route: auth/register]
in APPPATH\Controllers\Auth\AuthController.php on line 28.
 1 SYSTEMPATH\CodeIgniter.php(933): App\Controllers\Auth\AuthController->register()
 2 SYSTEMPATH\CodeIgniter.php(507): CodeIgniter\CodeIgniter->runController(Object(App\Controllers\Auth\AuthController))
 3 SYSTEMPATH\CodeIgniter.php(354): CodeIgniter\CodeIgniter->handleRequest(null, Object(Config\Cache), false)
 4 SYSTEMPATH\Boot.php(334): CodeIgniter\CodeIgniter->run()
 5 SYSTEMPATH\Boot.php(67): CodeIgniter\Boot::runCodeIgniter(Object(CodeIgniter\CodeIgniter))
 6 FCPATH\index.php(56): CodeIgniter\Boot::bootWeb(Object(Config\Paths))
 7 SYSTEMPATH\rewrite.php(44): require_once('C:\\laragon\\www\\SmashCourtt\\public\\index.php')
CRITICAL - 2025-02-18 01:52:18 --> ErrorException: Undefined variable $page
[Method: GET, Route: auth/register]
in APPPATH\Controllers\Auth\AuthController.php on line 29.
 1 APPPATH\Controllers\Auth\AuthController.php(29): CodeIgniter\Debug\Exceptions->errorHandler(2, 'Undefined variable $page', 'C:\\laragon\\www\\SmashCourtt\\app\\Controllers\\Auth\\AuthController.php', 29)
 2 SYSTEMPATH\CodeIgniter.php(933): App\Controllers\Auth\AuthController->register()
 3 SYSTEMPATH\CodeIgniter.php(507): CodeIgniter\CodeIgniter->runController(Object(App\Controllers\Auth\AuthController))
 4 SYSTEMPATH\CodeIgniter.php(354): CodeIgniter\CodeIgniter->handleRequest(null, Object(Config\Cache), false)
 5 SYSTEMPATH\Boot.php(334): CodeIgniter\CodeIgniter->run()
 6 SYSTEMPATH\Boot.php(67): CodeIgniter\Boot::runCodeIgniter(Object(CodeIgniter\CodeIgniter))
 7 FCPATH\index.php(56): CodeIgniter\Boot::bootWeb(Object(Config\Paths))
 8 SYSTEMPATH\rewrite.php(44): require_once('C:\\laragon\\www\\SmashCourtt\\public\\index.php')
CRITICAL - 2025-02-18 01:52:29 --> Error: Call to undefined function App\Controllers\Auth\checkPageExist()
[Method: GET, Route: auth/register]
in APPPATH\Controllers\Auth\AuthController.php on line 28.
 1 SYSTEMPATH\CodeIgniter.php(933): App\Controllers\Auth\AuthController->register()
 2 SYSTEMPATH\CodeIgniter.php(507): CodeIgniter\CodeIgniter->runController(Object(App\Controllers\Auth\AuthController))
 3 SYSTEMPATH\CodeIgniter.php(354): CodeIgniter\CodeIgniter->handleRequest(null, Object(Config\Cache), false)
 4 SYSTEMPATH\Boot.php(334): CodeIgniter\CodeIgniter->run()
 5 SYSTEMPATH\Boot.php(67): CodeIgniter\Boot::runCodeIgniter(Object(CodeIgniter\CodeIgniter))
 6 FCPATH\index.php(56): CodeIgniter\Boot::bootWeb(Object(Config\Paths))
 7 SYSTEMPATH\rewrite.php(44): require_once('C:\\laragon\\www\\SmashCourtt\\public\\index.php')
CRITICAL - 2025-02-18 01:53:45 --> Error: Call to undefined function App\Controllers\Auth\checkPageExist()
[Method: GET, Route: auth/register]
in APPPATH\Controllers\Auth\AuthController.php on line 28.
 1 SYSTEMPATH\CodeIgniter.php(933): App\Controllers\Auth\AuthController->register()
 2 SYSTEMPATH\CodeIgniter.php(507): CodeIgniter\CodeIgniter->runController(Object(App\Controllers\Auth\AuthController))
 3 SYSTEMPATH\CodeIgniter.php(354): CodeIgniter\CodeIgniter->handleRequest(null, Object(Config\Cache), false)
 4 SYSTEMPATH\Boot.php(334): CodeIgniter\CodeIgniter->run()
 5 SYSTEMPATH\Boot.php(67): CodeIgniter\Boot::runCodeIgniter(Object(CodeIgniter\CodeIgniter))
 6 FCPATH\index.php(56): CodeIgniter\Boot::bootWeb(Object(Config\Paths))
 7 SYSTEMPATH\rewrite.php(44): require_once('C:\\laragon\\www\\SmashCourtt\\public\\index.php')
CRITICAL - 2025-02-18 01:55:22 --> ErrorException: Namespace declaration statement has to be the very first statement or after any declare call in the script
[Method: GET, Route: auth/register]
in APPPATH\Controllers\Auth\AuthController.php on line 5.
 1 [internal function]: CodeIgniter\Debug\Exceptions->shutdownHandler()
CRITICAL - 2025-02-18 01:56:01 --> ErrorException: Namespace declaration statement has to be the very first statement or after any declare call in the script
[Method: GET, Route: auth/register]
in APPPATH\Controllers\Auth\AuthController.php on line 5.
 1 [internal function]: CodeIgniter\Debug\Exceptions->shutdownHandler()
CRITICAL - 2025-02-18 02:55:28 --> ErrorException: Namespace declaration statement has to be the very first statement or after any declare call in the script
[Method: GET, Route: auth/register]
in APPPATH\Controllers\Auth\AuthController.php on line 5.
 1 [internal function]: CodeIgniter\Debug\Exceptions->shutdownHandler()
CRITICAL - 2025-02-18 02:55:39 --> ErrorException: Namespace declaration statement has to be the very first statement or after any declare call in the script
[Method: GET, Route: auth/register]
in APPPATH\Controllers\Auth\AuthController.php on line 5.
 1 [internal function]: CodeIgniter\Debug\Exceptions->shutdownHandler()
CRITICAL - 2025-02-18 02:55:42 --> ErrorException: Namespace declaration statement has to be the very first statement or after any declare call in the script
[Method: GET, Route: auth/register]
in APPPATH\Controllers\Auth\AuthController.php on line 5.
 1 [internal function]: CodeIgniter\Debug\Exceptions->shutdownHandler()
CRITICAL - 2025-02-18 02:55:50 --> ErrorException: Namespace declaration statement has to be the very first statement or after any declare call in the script
[Method: GET, Route: auth/register]
in APPPATH\Controllers\Auth\AuthController.php on line 5.
 1 [internal function]: CodeIgniter\Debug\Exceptions->shutdownHandler()
CRITICAL - 2025-02-18 02:55:55 --> ErrorException: Namespace declaration statement has to be the very first statement or after any declare call in the script
[Method: GET, Route: auth/register]
in APPPATH\Controllers\Auth\AuthController.php on line 5.
 1 [internal function]: CodeIgniter\Debug\Exceptions->shutdownHandler()
CRITICAL - 2025-02-18 02:56:01 --> ErrorException: Namespace declaration statement has to be the very first statement or after any declare call in the script
[Method: GET, Route: auth/register]
in APPPATH\Controllers\Auth\AuthController.php on line 5.
 1 [internal function]: CodeIgniter\Debug\Exceptions->shutdownHandler()
CRITICAL - 2025-02-18 02:56:09 --> ErrorException: Namespace declaration statement has to be the very first statement or after any declare call in the script
[Method: GET, Route: auth/register]
in APPPATH\Controllers\Auth\AuthController.php on line 5.
 1 [internal function]: CodeIgniter\Debug\Exceptions->shutdownHandler()
CRITICAL - 2025-02-18 02:56:10 --> ErrorException: Namespace declaration statement has to be the very first statement or after any declare call in the script
[Method: GET, Route: auth/register]
in APPPATH\Controllers\Auth\AuthController.php on line 5.
 1 [internal function]: CodeIgniter\Debug\Exceptions->shutdownHandler()
CRITICAL - 2025-02-18 02:56:10 --> ErrorException: Namespace declaration statement has to be the very first statement or after any declare call in the script
[Method: GET, Route: auth/register]
in APPPATH\Controllers\Auth\AuthController.php on line 5.
 1 [internal function]: CodeIgniter\Debug\Exceptions->shutdownHandler()
CRITICAL - 2025-02-18 02:56:10 --> ErrorException: Namespace declaration statement has to be the very first statement or after any declare call in the script
[Method: GET, Route: auth/register]
in APPPATH\Controllers\Auth\AuthController.php on line 5.
 1 [internal function]: CodeIgniter\Debug\Exceptions->shutdownHandler()
CRITICAL - 2025-02-18 02:56:44 --> ErrorException: Namespace declaration statement has to be the very first statement or after any declare call in the script
[Method: GET, Route: auth/register]
in APPPATH\Controllers\Auth\AuthController.php on line 5.
 1 [internal function]: CodeIgniter\Debug\Exceptions->shutdownHandler()
CRITICAL - 2025-02-18 02:56:49 --> ErrorException: Namespace declaration statement has to be the very first statement or after any declare call in the script
[Method: GET, Route: auth/register]
in APPPATH\Controllers\Auth\AuthController.php on line 5.
 1 [internal function]: CodeIgniter\Debug\Exceptions->shutdownHandler()
CRITICAL - 2025-02-18 03:00:43 --> ErrorException: Namespace declaration statement has to be the very first statement or after any declare call in the script
[Method: GET, Route: auth/register]
in APPPATH\Controllers\Auth\AuthController.php on line 5.
 1 [internal function]: CodeIgniter\Debug\Exceptions->shutdownHandler()
CRITICAL - 2025-02-18 03:00:49 --> ErrorException: Namespace declaration statement has to be the very first statement or after any declare call in the script
[Method: GET, Route: auth/register]
in APPPATH\Controllers\Auth\AuthController.php on line 5.
 1 [internal function]: CodeIgniter\Debug\Exceptions->shutdownHandler()
CRITICAL - 2025-02-18 03:01:42 --> CodeIgniter\View\Exceptions\ViewException: Invalid file: "auth/register_page.php"
[Method: GET, Route: auth/register]
in SYSTEMPATH\Exceptions\FrameworkException.php on line 39.
 1 SYSTEMPATH\View\View.php(212): CodeIgniter\Exceptions\FrameworkException::forInvalidFile('auth/register_page.php')
 2 SYSTEMPATH\Common.php(1173): CodeIgniter\View\View->render('auth/register_page', [], true)
 3 APPPATH\Controllers\Auth\AuthController.php(31): view('auth/register_page', [...])
 4 SYSTEMPATH\CodeIgniter.php(933): App\Controllers\Auth\AuthController->register()
 5 SYSTEMPATH\CodeIgniter.php(507): CodeIgniter\CodeIgniter->runController(Object(App\Controllers\Auth\AuthController))
 6 SYSTEMPATH\CodeIgniter.php(354): CodeIgniter\CodeIgniter->handleRequest(null, Object(Config\Cache), false)
 7 SYSTEMPATH\Boot.php(334): CodeIgniter\CodeIgniter->run()
 8 SYSTEMPATH\Boot.php(67): CodeIgniter\Boot::runCodeIgniter(Object(CodeIgniter\CodeIgniter))
 9 FCPATH\index.php(56): CodeIgniter\Boot::bootWeb(Object(Config\Paths))
10 SYSTEMPATH\rewrite.php(44): require_once('C:\\laragon\\www\\SmashCourtt\\public\\index.php')
CRITICAL - 2025-02-18 07:37:07 --> CodeIgniter\View\Exceptions\ViewException: Invalid file: "pages/fieldlist/edit_field_list_page.php"
[Method: GET, Route: field-list/edit-data/1]
in SYSTEMPATH\Exceptions\FrameworkException.php on line 39.
 1 SYSTEMPATH\View\View.php(212): CodeIgniter\Exceptions\FrameworkException::forInvalidFile('pages/fieldlist/edit_field_list_page.php')
 2 SYSTEMPATH\Common.php(1173): CodeIgniter\View\View->render('pages/fieldlist/edit_field_list_page', [], true)
 3 APPPATH\Controllers\FieldList\FieldListController.php(109): view('pages/fieldlist/edit_field_list_page', [...])
 4 SYSTEMPATH\CodeIgniter.php(933): App\Controllers\FieldList\FieldListController->editData('1')
 5 SYSTEMPATH\CodeIgniter.php(507): CodeIgniter\CodeIgniter->runController(Object(App\Controllers\FieldList\FieldListController))
 6 SYSTEMPATH\CodeIgniter.php(354): CodeIgniter\CodeIgniter->handleRequest(null, Object(Config\Cache), false)
 7 SYSTEMPATH\Boot.php(334): CodeIgniter\CodeIgniter->run()
 8 SYSTEMPATH\Boot.php(67): CodeIgniter\Boot::runCodeIgniter(Object(CodeIgniter\CodeIgniter))
 9 FCPATH\index.php(56): CodeIgniter\Boot::bootWeb(Object(Config\Paths))
10 SYSTEMPATH\rewrite.php(44): require_once('C:\\laragon\\www\\SmashCourtt\\public\\index.php')
CRITICAL - 2025-02-18 07:39:03 --> CodeIgniter\View\Exceptions\ViewException: Invalid file: "pages/fieldlist/edit_field_list_page.php"
[Method: GET, Route: field-list/edit-data/1]
in SYSTEMPATH\Exceptions\FrameworkException.php on line 39.
 1 SYSTEMPATH\View\View.php(212): CodeIgniter\Exceptions\FrameworkException::forInvalidFile('pages/fieldlist/edit_field_list_page.php')
 2 SYSTEMPATH\Common.php(1173): CodeIgniter\View\View->render('pages/fieldlist/edit_field_list_page', [], true)
 3 APPPATH\Controllers\FieldList\FieldListController.php(109): view('pages/fieldlist/edit_field_list_page', [...])
 4 SYSTEMPATH\CodeIgniter.php(933): App\Controllers\FieldList\FieldListController->editData('1')
 5 SYSTEMPATH\CodeIgniter.php(507): CodeIgniter\CodeIgniter->runController(Object(App\Controllers\FieldList\FieldListController))
 6 SYSTEMPATH\CodeIgniter.php(354): CodeIgniter\CodeIgniter->handleRequest(null, Object(Config\Cache), false)
 7 SYSTEMPATH\Boot.php(334): CodeIgniter\CodeIgniter->run()
 8 SYSTEMPATH\Boot.php(67): CodeIgniter\Boot::runCodeIgniter(Object(CodeIgniter\CodeIgniter))
 9 FCPATH\index.php(56): CodeIgniter\Boot::bootWeb(Object(Config\Paths))
10 SYSTEMPATH\rewrite.php(44): require_once('C:\\laragon\\www\\SmashCourtt\\public\\index.php')
CRITICAL - 2025-02-18 07:39:09 --> CodeIgniter\View\Exceptions\ViewException: Invalid file: "pages/fieldlist/edit_field_list_page.php"
[Method: GET, Route: field-list/edit-data/1]
in SYSTEMPATH\Exceptions\FrameworkException.php on line 39.
 1 SYSTEMPATH\View\View.php(212): CodeIgniter\Exceptions\FrameworkException::forInvalidFile('pages/fieldlist/edit_field_list_page.php')
 2 SYSTEMPATH\Common.php(1173): CodeIgniter\View\View->render('pages/fieldlist/edit_field_list_page', [], true)
 3 APPPATH\Controllers\FieldList\FieldListController.php(109): view('pages/fieldlist/edit_field_list_page', [...])
 4 SYSTEMPATH\CodeIgniter.php(933): App\Controllers\FieldList\FieldListController->editData('1')
 5 SYSTEMPATH\CodeIgniter.php(507): CodeIgniter\CodeIgniter->runController(Object(App\Controllers\FieldList\FieldListController))
 6 SYSTEMPATH\CodeIgniter.php(354): CodeIgniter\CodeIgniter->handleRequest(null, Object(Config\Cache), false)
 7 SYSTEMPATH\Boot.php(334): CodeIgniter\CodeIgniter->run()
 8 SYSTEMPATH\Boot.php(67): CodeIgniter\Boot::runCodeIgniter(Object(CodeIgniter\CodeIgniter))
 9 FCPATH\index.php(56): CodeIgniter\Boot::bootWeb(Object(Config\Paths))
10 SYSTEMPATH\rewrite.php(44): require_once('C:\\laragon\\www\\SmashCourtt\\public\\index.php')
CRITICAL - 2025-02-18 07:40:50 --> CodeIgniter\View\Exceptions\ViewException: Invalid file: "pages/fieldlist/edit_field_list_page.php"
[Method: GET, Route: field-list/edit-data/1]
in SYSTEMPATH\Exceptions\FrameworkException.php on line 39.
 1 SYSTEMPATH\View\View.php(212): CodeIgniter\Exceptions\FrameworkException::forInvalidFile('pages/fieldlist/edit_field_list_page.php')
 2 SYSTEMPATH\Common.php(1173): CodeIgniter\View\View->render('pages/fieldlist/edit_field_list_page', [], true)
 3 APPPATH\Controllers\FieldList\FieldListController.php(109): view('pages/fieldlist/edit_field_list_page', [...])
 4 SYSTEMPATH\CodeIgniter.php(933): App\Controllers\FieldList\FieldListController->editData('1')
 5 SYSTEMPATH\CodeIgniter.php(507): CodeIgniter\CodeIgniter->runController(Object(App\Controllers\FieldList\FieldListController))
 6 SYSTEMPATH\CodeIgniter.php(354): CodeIgniter\CodeIgniter->handleRequest(null, Object(Config\Cache), false)
 7 SYSTEMPATH\Boot.php(334): CodeIgniter\CodeIgniter->run()
 8 SYSTEMPATH\Boot.php(67): CodeIgniter\Boot::runCodeIgniter(Object(CodeIgniter\CodeIgniter))
 9 FCPATH\index.php(56): CodeIgniter\Boot::bootWeb(Object(Config\Paths))
10 SYSTEMPATH\rewrite.php(44): require_once('C:\\laragon\\www\\SmashCourtt\\public\\index.php')
CRITICAL - 2025-02-18 07:41:21 --> CodeIgniter\View\Exceptions\ViewException: Invalid file: "pages/fieldlist/edit_field_list_page.php"
[Method: GET, Route: field-list/edit-data/1]
in SYSTEMPATH\Exceptions\FrameworkException.php on line 39.
 1 SYSTEMPATH\View\View.php(212): CodeIgniter\Exceptions\FrameworkException::forInvalidFile('pages/fieldlist/edit_field_list_page.php')
 2 SYSTEMPATH\Common.php(1173): CodeIgniter\View\View->render('pages/fieldlist/edit_field_list_page', [], true)
 3 APPPATH\Controllers\FieldList\FieldListController.php(109): view('pages/fieldlist/edit_field_list_page')
 4 SYSTEMPATH\CodeIgniter.php(933): App\Controllers\FieldList\FieldListController->editData('1')
 5 SYSTEMPATH\CodeIgniter.php(507): CodeIgniter\CodeIgniter->runController(Object(App\Controllers\FieldList\FieldListController))
 6 SYSTEMPATH\CodeIgniter.php(354): CodeIgniter\CodeIgniter->handleRequest(null, Object(Config\Cache), false)
 7 SYSTEMPATH\Boot.php(334): CodeIgniter\CodeIgniter->run()
 8 SYSTEMPATH\Boot.php(67): CodeIgniter\Boot::runCodeIgniter(Object(CodeIgniter\CodeIgniter))
 9 FCPATH\index.php(56): CodeIgniter\Boot::bootWeb(Object(Config\Paths))
10 SYSTEMPATH\rewrite.php(44): require_once('C:\\laragon\\www\\SmashCourtt\\public\\index.php')
CRITICAL - 2025-02-18 07:42:21 --> CodeIgniter\View\Exceptions\ViewException: Invalid file: "pages/fieldlist/edit_field_list_page.php"
[Method: GET, Route: field-list/edit-data/5]
in SYSTEMPATH\Exceptions\FrameworkException.php on line 39.
 1 SYSTEMPATH\View\View.php(212): CodeIgniter\Exceptions\FrameworkException::forInvalidFile('pages/fieldlist/edit_field_list_page.php')
 2 SYSTEMPATH\Common.php(1173): CodeIgniter\View\View->render('pages/fieldlist/edit_field_list_page', [], true)
 3 APPPATH\Controllers\FieldList\FieldListController.php(109): view('pages/fieldlist/edit_field_list_page', [...])
 4 SYSTEMPATH\CodeIgniter.php(933): App\Controllers\FieldList\FieldListController->editData('5')
 5 SYSTEMPATH\CodeIgniter.php(507): CodeIgniter\CodeIgniter->runController(Object(App\Controllers\FieldList\FieldListController))
 6 SYSTEMPATH\CodeIgniter.php(354): CodeIgniter\CodeIgniter->handleRequest(null, Object(Config\Cache), false)
 7 SYSTEMPATH\Boot.php(334): CodeIgniter\CodeIgniter->run()
 8 SYSTEMPATH\Boot.php(67): CodeIgniter\Boot::runCodeIgniter(Object(CodeIgniter\CodeIgniter))
 9 FCPATH\index.php(56): CodeIgniter\Boot::bootWeb(Object(Config\Paths))
10 SYSTEMPATH\rewrite.php(44): require_once('C:\\laragon\\www\\SmashCourtt\\public\\index.php')
CRITICAL - 2025-02-18 07:43:03 --> CodeIgniter\View\Exceptions\ViewException: Invalid file: "pages/fieldlist/edit_field_list_page.php"
[Method: GET, Route: field-list/edit-data/1]
in SYSTEMPATH\Exceptions\FrameworkException.php on line 39.
 1 SYSTEMPATH\View\View.php(212): CodeIgniter\Exceptions\FrameworkException::forInvalidFile('pages/fieldlist/edit_field_list_page.php')
 2 SYSTEMPATH\Common.php(1173): CodeIgniter\View\View->render('pages/fieldlist/edit_field_list_page', [], true)
 3 APPPATH\Controllers\FieldList\FieldListController.php(109): view('pages/fieldlist/edit_field_list_page', [...])
 4 SYSTEMPATH\CodeIgniter.php(933): App\Controllers\FieldList\FieldListController->editData('1')
 5 SYSTEMPATH\CodeIgniter.php(507): CodeIgniter\CodeIgniter->runController(Object(App\Controllers\FieldList\FieldListController))
 6 SYSTEMPATH\CodeIgniter.php(354): CodeIgniter\CodeIgniter->handleRequest(null, Object(Config\Cache), false)
 7 SYSTEMPATH\Boot.php(334): CodeIgniter\CodeIgniter->run()
 8 SYSTEMPATH\Boot.php(67): CodeIgniter\Boot::runCodeIgniter(Object(CodeIgniter\CodeIgniter))
 9 FCPATH\index.php(56): CodeIgniter\Boot::bootWeb(Object(Config\Paths))
10 SYSTEMPATH\rewrite.php(44): require_once('C:\\laragon\\www\\SmashCourtt\\public\\index.php')
CRITICAL - 2025-02-18 07:43:59 --> CodeIgniter\View\Exceptions\ViewException: Invalid file: "pages/fieldlist/edit_field_list_page.php"
[Method: GET, Route: field-list/edit-data/1]
in SYSTEMPATH\Exceptions\FrameworkException.php on line 39.
 1 SYSTEMPATH\View\View.php(212): CodeIgniter\Exceptions\FrameworkException::forInvalidFile('pages/fieldlist/edit_field_list_page.php')
 2 SYSTEMPATH\Common.php(1173): CodeIgniter\View\View->render('pages/fieldlist/edit_field_list_page', [], true)
 3 APPPATH\Controllers\FieldList\FieldListController.php(109): view('pages/fieldlist/edit_field_list_page', [...])
 4 SYSTEMPATH\CodeIgniter.php(933): App\Controllers\FieldList\FieldListController->editData('1')
 5 SYSTEMPATH\CodeIgniter.php(507): CodeIgniter\CodeIgniter->runController(Object(App\Controllers\FieldList\FieldListController))
 6 SYSTEMPATH\CodeIgniter.php(354): CodeIgniter\CodeIgniter->handleRequest(null, Object(Config\Cache), false)
 7 SYSTEMPATH\Boot.php(334): CodeIgniter\CodeIgniter->run()
 8 SYSTEMPATH\Boot.php(67): CodeIgniter\Boot::runCodeIgniter(Object(CodeIgniter\CodeIgniter))
 9 FCPATH\index.php(56): CodeIgniter\Boot::bootWeb(Object(Config\Paths))
10 SYSTEMPATH\rewrite.php(44): require_once('C:\\laragon\\www\\SmashCourtt\\public\\index.php')
ERROR - 2025-02-18 09:14:56 --> mysqli_sql_exception: Unknown table 'smash_court.field_bookings' in C:\laragon\www\SmashCourtt\system\Database\MySQLi\Connection.php:327
Stack trace:
#0 C:\laragon\www\SmashCourtt\system\Database\MySQLi\Connection.php(327): mysqli->query('DROP TABLE `fie...', 0)
#1 C:\laragon\www\SmashCourtt\system\Database\BaseConnection.php(738): CodeIgniter\Database\MySQLi\Connection->execute('DROP TABLE `fie...')
#2 C:\laragon\www\SmashCourtt\system\Database\BaseConnection.php(652): CodeIgniter\Database\BaseConnection->simpleQuery('DROP TABLE `fie...')
#3 C:\laragon\www\SmashCourtt\system\Database\Forge.php(663): CodeIgniter\Database\BaseConnection->query('DROP TABLE `fie...')
#4 C:\laragon\www\SmashCourtt\app\Database\Migrations\2025-02-18-091257_CreateFieldBookingsTable.php(73): CodeIgniter\Database\Forge->dropTable('field_bookings')
#5 C:\laragon\www\SmashCourtt\system\Database\MigrationRunner.php(866): App\Database\Migrations\CreateFieldBookingsTable->down()
#6 C:\laragon\www\SmashCourtt\system\Database\MigrationRunner.php(289): CodeIgniter\Database\MigrationRunner->migrate('down', Object(stdClass))
#7 C:\laragon\www\SmashCourtt\system\Commands\Database\MigrateRollback.php(101): CodeIgniter\Database\MigrationRunner->regress(0)
#8 C:\laragon\www\SmashCourtt\system\CLI\Commands.php(70): CodeIgniter\Commands\Database\MigrateRollback->run(Array)
#9 C:\laragon\www\SmashCourtt\system\CLI\BaseCommand.php(119): CodeIgniter\CLI\Commands->run('migrate:rollbac...', Array)
#10 C:\laragon\www\SmashCourtt\system\Commands\Database\MigrateRefresh.php(86): CodeIgniter\CLI\BaseCommand->call('migrate:rollbac...', Array)
#11 C:\laragon\www\SmashCourtt\system\CLI\Commands.php(70): CodeIgniter\Commands\Database\MigrateRefresh->run(Array)
#12 C:\laragon\www\SmashCourtt\system\CLI\Console.php(48): CodeIgniter\CLI\Commands->run('migrate:refresh', Array)
#13 C:\laragon\www\SmashCourtt\system\Boot.php(360): CodeIgniter\CLI\Console->run()
#14 C:\laragon\www\SmashCourtt\system\Boot.php(104): CodeIgniter\Boot::runCommand(Object(CodeIgniter\CLI\Console))
#15 C:\laragon\www\SmashCourtt\spark(84): CodeIgniter\Boot::bootSpark(Object(Config\Paths))
#16 {main}
ERROR - 2025-02-18 09:16:09 --> mysqli_sql_exception: Unknown table 'smash_court.field_bookings' in C:\laragon\www\SmashCourtt\system\Database\MySQLi\Connection.php:327
Stack trace:
#0 C:\laragon\www\SmashCourtt\system\Database\MySQLi\Connection.php(327): mysqli->query('DROP TABLE `fie...', 0)
#1 C:\laragon\www\SmashCourtt\system\Database\BaseConnection.php(738): CodeIgniter\Database\MySQLi\Connection->execute('DROP TABLE `fie...')
#2 C:\laragon\www\SmashCourtt\system\Database\BaseConnection.php(652): CodeIgniter\Database\BaseConnection->simpleQuery('DROP TABLE `fie...')
#3 C:\laragon\www\SmashCourtt\system\Database\Forge.php(663): CodeIgniter\Database\BaseConnection->query('DROP TABLE `fie...')
#4 C:\laragon\www\SmashCourtt\app\Database\Migrations\2025-02-18-091257_CreateFieldBookingsTable.php(73): CodeIgniter\Database\Forge->dropTable('field_bookings')
#5 C:\laragon\www\SmashCourtt\system\Database\MigrationRunner.php(866): App\Database\Migrations\CreateFieldBookingsTable->down()
#6 C:\laragon\www\SmashCourtt\system\Database\MigrationRunner.php(289): CodeIgniter\Database\MigrationRunner->migrate('down', Object(stdClass))
#7 C:\laragon\www\SmashCourtt\system\Commands\Database\MigrateRollback.php(101): CodeIgniter\Database\MigrationRunner->regress(0)
#8 C:\laragon\www\SmashCourtt\system\CLI\Commands.php(70): CodeIgniter\Commands\Database\MigrateRollback->run(Array)
#9 C:\laragon\www\SmashCourtt\system\CLI\BaseCommand.php(119): CodeIgniter\CLI\Commands->run('migrate:rollbac...', Array)
#10 C:\laragon\www\SmashCourtt\system\Commands\Database\MigrateRefresh.php(86): CodeIgniter\CLI\BaseCommand->call('migrate:rollbac...', Array)
#11 C:\laragon\www\SmashCourtt\system\CLI\Commands.php(70): CodeIgniter\Commands\Database\MigrateRefresh->run(Array)
#12 C:\laragon\www\SmashCourtt\system\CLI\Console.php(48): CodeIgniter\CLI\Commands->run('migrate:refresh', Array)
#13 C:\laragon\www\SmashCourtt\system\Boot.php(360): CodeIgniter\CLI\Console->run()
#14 C:\laragon\www\SmashCourtt\system\Boot.php(104): CodeIgniter\Boot::runCommand(Object(CodeIgniter\CLI\Console))
#15 C:\laragon\www\SmashCourtt\spark(84): CodeIgniter\Boot::bootSpark(Object(Config\Paths))
#16 {main}
ERROR - 2025-02-18 09:16:37 --> mysqli_sql_exception: Unknown table 'smash_court.field_bookings' in C:\laragon\www\SmashCourtt\system\Database\MySQLi\Connection.php:327
Stack trace:
#0 C:\laragon\www\SmashCourtt\system\Database\MySQLi\Connection.php(327): mysqli->query('DROP TABLE `fie...', 0)
#1 C:\laragon\www\SmashCourtt\system\Database\BaseConnection.php(738): CodeIgniter\Database\MySQLi\Connection->execute('DROP TABLE `fie...')
#2 C:\laragon\www\SmashCourtt\system\Database\BaseConnection.php(652): CodeIgniter\Database\BaseConnection->simpleQuery('DROP TABLE `fie...')
#3 C:\laragon\www\SmashCourtt\system\Database\Forge.php(663): CodeIgniter\Database\BaseConnection->query('DROP TABLE `fie...')
#4 C:\laragon\www\SmashCourtt\app\Database\Migrations\2025-02-18-091257_CreateFieldBookingsTable.php(76): CodeIgniter\Database\Forge->dropTable('field_bookings')
#5 C:\laragon\www\SmashCourtt\system\Database\MigrationRunner.php(866): App\Database\Migrations\CreateFieldBookingsTable->down()
#6 C:\laragon\www\SmashCourtt\system\Database\MigrationRunner.php(289): CodeIgniter\Database\MigrationRunner->migrate('down', Object(stdClass))
#7 C:\laragon\www\SmashCourtt\system\Commands\Database\MigrateRollback.php(101): CodeIgniter\Database\MigrationRunner->regress(0)
#8 C:\laragon\www\SmashCourtt\system\CLI\Commands.php(70): CodeIgniter\Commands\Database\MigrateRollback->run(Array)
#9 C:\laragon\www\SmashCourtt\system\CLI\BaseCommand.php(119): CodeIgniter\CLI\Commands->run('migrate:rollbac...', Array)
#10 C:\laragon\www\SmashCourtt\system\Commands\Database\MigrateRefresh.php(86): CodeIgniter\CLI\BaseCommand->call('migrate:rollbac...', Array)
#11 C:\laragon\www\SmashCourtt\system\CLI\Commands.php(70): CodeIgniter\Commands\Database\MigrateRefresh->run(Array)
#12 C:\laragon\www\SmashCourtt\system\CLI\Console.php(48): CodeIgniter\CLI\Commands->run('migrate:refresh', Array)
#13 C:\laragon\www\SmashCourtt\system\Boot.php(360): CodeIgniter\CLI\Console->run()
#14 C:\laragon\www\SmashCourtt\system\Boot.php(104): CodeIgniter\Boot::runCommand(Object(CodeIgniter\CLI\Console))
#15 C:\laragon\www\SmashCourtt\spark(84): CodeIgniter\Boot::bootSpark(Object(Config\Paths))
#16 {main}
ERROR - 2025-02-18 09:18:04 --> mysqli_sql_exception: Unknown table 'smash_court.field_bookings' in C:\laragon\www\SmashCourtt\system\Database\MySQLi\Connection.php:327
Stack trace:
#0 C:\laragon\www\SmashCourtt\system\Database\MySQLi\Connection.php(327): mysqli->query('DROP TABLE `fie...', 0)
#1 C:\laragon\www\SmashCourtt\system\Database\BaseConnection.php(738): CodeIgniter\Database\MySQLi\Connection->execute('DROP TABLE `fie...')
#2 C:\laragon\www\SmashCourtt\system\Database\BaseConnection.php(652): CodeIgniter\Database\BaseConnection->simpleQuery('DROP TABLE `fie...')
#3 C:\laragon\www\SmashCourtt\system\Database\Forge.php(663): CodeIgniter\Database\BaseConnection->query('DROP TABLE `fie...')
#4 C:\laragon\www\SmashCourtt\app\Database\Migrations\2025-02-18-091257_CreateFieldBookingsTable.php(76): CodeIgniter\Database\Forge->dropTable('field_bookings')
#5 C:\laragon\www\SmashCourtt\system\Database\MigrationRunner.php(866): App\Database\Migrations\CreateFieldBookingsTable->down()
#6 C:\laragon\www\SmashCourtt\system\Database\MigrationRunner.php(289): CodeIgniter\Database\MigrationRunner->migrate('down', Object(stdClass))
#7 C:\laragon\www\SmashCourtt\system\Commands\Database\MigrateRollback.php(101): CodeIgniter\Database\MigrationRunner->regress(0)
#8 C:\laragon\www\SmashCourtt\system\CLI\Commands.php(70): CodeIgniter\Commands\Database\MigrateRollback->run(Array)
#9 C:\laragon\www\SmashCourtt\system\CLI\BaseCommand.php(119): CodeIgniter\CLI\Commands->run('migrate:rollbac...', Array)
#10 C:\laragon\www\SmashCourtt\system\Commands\Database\MigrateRefresh.php(86): CodeIgniter\CLI\BaseCommand->call('migrate:rollbac...', Array)
#11 C:\laragon\www\SmashCourtt\system\CLI\Commands.php(70): CodeIgniter\Commands\Database\MigrateRefresh->run(Array)
#12 C:\laragon\www\SmashCourtt\system\CLI\Console.php(48): CodeIgniter\CLI\Commands->run('migrate:refresh', Array)
#13 C:\laragon\www\SmashCourtt\system\Boot.php(360): CodeIgniter\CLI\Console->run()
#14 C:\laragon\www\SmashCourtt\system\Boot.php(104): CodeIgniter\Boot::runCommand(Object(CodeIgniter\CLI\Console))
#15 C:\laragon\www\SmashCourtt\spark(84): CodeIgniter\Boot::bootSpark(Object(Config\Paths))
#16 {main}
ERROR - 2025-02-18 09:18:08 --> mysqli_sql_exception: Unknown table 'smash_court.field_bookings' in C:\laragon\www\SmashCourtt\system\Database\MySQLi\Connection.php:327
Stack trace:
#0 C:\laragon\www\SmashCourtt\system\Database\MySQLi\Connection.php(327): mysqli->query('DROP TABLE `fie...', 0)
#1 C:\laragon\www\SmashCourtt\system\Database\BaseConnection.php(738): CodeIgniter\Database\MySQLi\Connection->execute('DROP TABLE `fie...')
#2 C:\laragon\www\SmashCourtt\system\Database\BaseConnection.php(652): CodeIgniter\Database\BaseConnection->simpleQuery('DROP TABLE `fie...')
#3 C:\laragon\www\SmashCourtt\system\Database\Forge.php(663): CodeIgniter\Database\BaseConnection->query('DROP TABLE `fie...')
#4 C:\laragon\www\SmashCourtt\app\Database\Migrations\2025-02-18-091257_CreateFieldBookingsTable.php(76): CodeIgniter\Database\Forge->dropTable('field_bookings')
#5 C:\laragon\www\SmashCourtt\system\Database\MigrationRunner.php(866): App\Database\Migrations\CreateFieldBookingsTable->down()
#6 C:\laragon\www\SmashCourtt\system\Database\MigrationRunner.php(289): CodeIgniter\Database\MigrationRunner->migrate('down', Object(stdClass))
#7 C:\laragon\www\SmashCourtt\system\Commands\Database\MigrateRollback.php(101): CodeIgniter\Database\MigrationRunner->regress(0)
#8 C:\laragon\www\SmashCourtt\system\CLI\Commands.php(70): CodeIgniter\Commands\Database\MigrateRollback->run(Array)
#9 C:\laragon\www\SmashCourtt\system\CLI\BaseCommand.php(119): CodeIgniter\CLI\Commands->run('migrate:rollbac...', Array)
#10 C:\laragon\www\SmashCourtt\system\Commands\Database\MigrateRefresh.php(86): CodeIgniter\CLI\BaseCommand->call('migrate:rollbac...', Array)
#11 C:\laragon\www\SmashCourtt\system\CLI\Commands.php(70): CodeIgniter\Commands\Database\MigrateRefresh->run(Array)
#12 C:\laragon\www\SmashCourtt\system\CLI\Console.php(48): CodeIgniter\CLI\Commands->run('migrate:refresh', Array)
#13 C:\laragon\www\SmashCourtt\system\Boot.php(360): CodeIgniter\CLI\Console->run()
#14 C:\laragon\www\SmashCourtt\system\Boot.php(104): CodeIgniter\Boot::runCommand(Object(CodeIgniter\CLI\Console))
#15 C:\laragon\www\SmashCourtt\spark(84): CodeIgniter\Boot::bootSpark(Object(Config\Paths))
#16 {main}
ERROR - 2025-02-18 09:19:05 --> mysqli_sql_exception: Unknown table 'smash_court.field_bookings' in C:\laragon\www\SmashCourtt\system\Database\MySQLi\Connection.php:327
Stack trace:
#0 C:\laragon\www\SmashCourtt\system\Database\MySQLi\Connection.php(327): mysqli->query('DROP TABLE `fie...', 0)
#1 C:\laragon\www\SmashCourtt\system\Database\BaseConnection.php(738): CodeIgniter\Database\MySQLi\Connection->execute('DROP TABLE `fie...')
#2 C:\laragon\www\SmashCourtt\system\Database\BaseConnection.php(652): CodeIgniter\Database\BaseConnection->simpleQuery('DROP TABLE `fie...')
#3 C:\laragon\www\SmashCourtt\system\Database\Forge.php(663): CodeIgniter\Database\BaseConnection->query('DROP TABLE `fie...')
#4 C:\laragon\www\SmashCourtt\app\Database\Migrations\2025-02-18-091257_CreateFieldBookingsTable.php(73): CodeIgniter\Database\Forge->dropTable('field_bookings')
#5 C:\laragon\www\SmashCourtt\system\Database\MigrationRunner.php(866): App\Database\Migrations\CreateFieldBookingsTable->down()
#6 C:\laragon\www\SmashCourtt\system\Database\MigrationRunner.php(289): CodeIgniter\Database\MigrationRunner->migrate('down', Object(stdClass))
#7 C:\laragon\www\SmashCourtt\system\Commands\Database\MigrateRollback.php(101): CodeIgniter\Database\MigrationRunner->regress(0)
#8 C:\laragon\www\SmashCourtt\system\CLI\Commands.php(70): CodeIgniter\Commands\Database\MigrateRollback->run(Array)
#9 C:\laragon\www\SmashCourtt\system\CLI\BaseCommand.php(119): CodeIgniter\CLI\Commands->run('migrate:rollbac...', Array)
#10 C:\laragon\www\SmashCourtt\system\Commands\Database\MigrateRefresh.php(86): CodeIgniter\CLI\BaseCommand->call('migrate:rollbac...', Array)
#11 C:\laragon\www\SmashCourtt\system\CLI\Commands.php(70): CodeIgniter\Commands\Database\MigrateRefresh->run(Array)
#12 C:\laragon\www\SmashCourtt\system\CLI\Console.php(48): CodeIgniter\CLI\Commands->run('migrate:refresh', Array)
#13 C:\laragon\www\SmashCourtt\system\Boot.php(360): CodeIgniter\CLI\Console->run()
#14 C:\laragon\www\SmashCourtt\system\Boot.php(104): CodeIgniter\Boot::runCommand(Object(CodeIgniter\CLI\Console))
#15 C:\laragon\www\SmashCourtt\spark(84): CodeIgniter\Boot::bootSpark(Object(Config\Paths))
#16 {main}
ERROR - 2025-02-18 09:20:30 --> mysqli_sql_exception: Unknown table 'smash_court.field_bookings' in C:\laragon\www\SmashCourtt\system\Database\MySQLi\Connection.php:327
Stack trace:
#0 C:\laragon\www\SmashCourtt\system\Database\MySQLi\Connection.php(327): mysqli->query('DROP TABLE `fie...', 0)
#1 C:\laragon\www\SmashCourtt\system\Database\BaseConnection.php(738): CodeIgniter\Database\MySQLi\Connection->execute('DROP TABLE `fie...')
#2 C:\laragon\www\SmashCourtt\system\Database\BaseConnection.php(652): CodeIgniter\Database\BaseConnection->simpleQuery('DROP TABLE `fie...')
#3 C:\laragon\www\SmashCourtt\system\Database\Forge.php(663): CodeIgniter\Database\BaseConnection->query('DROP TABLE `fie...')
#4 C:\laragon\www\SmashCourtt\app\Database\Migrations\2025-02-18-091257_CreateFieldBookingsTable.php(73): CodeIgniter\Database\Forge->dropTable('field_bookings')
#5 C:\laragon\www\SmashCourtt\system\Database\MigrationRunner.php(866): App\Database\Migrations\CreateFieldBookingsTable->down()
#6 C:\laragon\www\SmashCourtt\system\Database\MigrationRunner.php(289): CodeIgniter\Database\MigrationRunner->migrate('down', Object(stdClass))
#7 C:\laragon\www\SmashCourtt\system\Commands\Database\MigrateRollback.php(101): CodeIgniter\Database\MigrationRunner->regress(0)
#8 C:\laragon\www\SmashCourtt\system\CLI\Commands.php(70): CodeIgniter\Commands\Database\MigrateRollback->run(Array)
#9 C:\laragon\www\SmashCourtt\system\CLI\BaseCommand.php(119): CodeIgniter\CLI\Commands->run('migrate:rollbac...', Array)
#10 C:\laragon\www\SmashCourtt\system\Commands\Database\MigrateRefresh.php(86): CodeIgniter\CLI\BaseCommand->call('migrate:rollbac...', Array)
#11 C:\laragon\www\SmashCourtt\system\CLI\Commands.php(70): CodeIgniter\Commands\Database\MigrateRefresh->run(Array)
#12 C:\laragon\www\SmashCourtt\system\CLI\Console.php(48): CodeIgniter\CLI\Commands->run('migrate:refresh', Array)
#13 C:\laragon\www\SmashCourtt\system\Boot.php(360): CodeIgniter\CLI\Console->run()
#14 C:\laragon\www\SmashCourtt\system\Boot.php(104): CodeIgniter\Boot::runCommand(Object(CodeIgniter\CLI\Console))
#15 C:\laragon\www\SmashCourtt\spark(84): CodeIgniter\Boot::bootSpark(Object(Config\Paths))
#16 {main}
